

Microchip MPLAB XC8 Assembler V2.36 build 20220127204148 
                                                                                               Fri Jul 08 15:41:20 2022

Microchip MPLAB XC8 C Compiler v2.36 (Free license) build 20220127204148 Og1 
     1                           	processor	18F45K50
     2                           	fnconf	rparam,??,?,0
     3                           	pagewidth 120
     4                           	opt	flic
     5                           	psect	cinit,global,reloc=2,class=CODE,delta=1
     6                           	psect	cstackCOMRAM,global,class=COMRAM,space=1,delta=1,lowdata,noexec
     7                           	psect	text0,global,reloc=2,class=CODE,delta=1
     8                           	psect	text1,global,reloc=2,class=CODE,delta=1
     9                           	psect	text2,global,reloc=2,class=CODE,delta=1
    10                           	psect	text3,global,reloc=2,class=CODE,delta=1
    11                           	psect	intcode,global,reloc=2,class=CODE,delta=1
    12                           	psect	intsave_regs,global,class=BIGRAM,space=1,delta=1,noexec
    13                           	psect	rparam,global,class=COMRAM,space=1,delta=1,noexec
    14                           	psect	temp,global,ovrld,common,class=COMRAM,space=1,delta=1
    15                           	psect	idloc,global,abs,ovrld,class=IDLOC,space=5,delta=1,noexec
    16                           	psect	config,global,abs,ovrld,class=CONFIG,space=4,delta=1,noexec
    17  0000                     
    18                           ; Version 2.35
    19                           ; Generated 05/05/2021 GMT
    20                           ; 
    21                           ; Copyright © 2021, Microchip Technology Inc. and its subsidiaries ("Microchip")
    22                           ; All rights reserved.
    23                           ; 
    24                           ; This software is developed by Microchip Technology Inc. and its subsidiaries ("Microch
      +                          ip").
    25                           ; 
    26                           ; Redistribution and use in source and binary forms, with or without modification, are
    27                           ; permitted provided that the following conditions are met:
    28                           ; 
    29                           ;     1. Redistributions of source code must retain the above copyright notice, this lis
      +                          t of
    30                           ;        conditions and the following disclaimer.
    31                           ; 
    32                           ;     2. Redistributions in binary form must reproduce the above copyright notice, this 
      +                          list
    33                           ;        of conditions and the following disclaimer in the documentation and/or other
    34                           ;        materials provided with the distribution. Publication is not required when
    35                           ;        this file is used in an embedded application.
    36                           ; 
    37                           ;     3. Microchip's name may not be used to endorse or promote products derived from th
      +                          is
    38                           ;        software without specific prior written permission.
    39                           ; 
    40                           ; THIS SOFTWARE IS PROVIDED BY MICROCHIP "AS IS" AND ANY EXPRESS OR IMPLIED WARRANTIES,
    41                           ; INCLUDING, BUT NOT LIMITED TO, THE IMPLIED WARRANTIES OF MERCHANTABILITY AND FITNESS F
      +                          OR
    42                           ; PURPOSE ARE DISCLAIMED.  IN NO EVENT SHALL MICROCHIP BE LIABLE FOR ANY DIRECT, INDIREC
      +                          T,
    43                           ; INCIDENTAL, SPECIAL, EXEMPLARY, OR CONSEQUENTIAL DAMAGES (INCLUDING BUT NOT LIMITED TO
    44                           ; PROCUREMENT OF SUBSTITUTE GOODS OR SERVICES; LOSS OF USE, DATA OR PROFITS; OR BUSINESS
    45                           ; INTERRUPTION) HOWSOEVER CAUSED AND ON ANY THEORY OF LIABILITY, WHETHER IN CONTRACT, ST
      +                          RICT
    46                           ; LIABILITY, OR TORT (INCLUDING NEGLIGENCE OR OTHERWISE) ARISING IN ANY WAY OUT OF THE U
      +                          SE OF
    47                           ; THIS SOFTWARE, EVEN IF ADVISED OF THE POSSIBILITY OF SUCH DAMAGE.
    48                           ; 
    49                           ; 
    50                           ; Code-generator required, PIC18F45K50 Definitions
    51                           ; 
    52                           ; SFR Addresses
    53  0000                     _ANSELDbits	set	3934
    54  0000                     _SLRCON	set	3962
    55  0000                     _LATDbits	set	3980
    56  0000                     _OSCCONbits	set	4051
    57  0000                     _INTCON2bits	set	4081
    58  0000                     _TRISDbits	set	3989
    59  0000                     _PORTB	set	3969
    60  0000                     _WPUBbits	set	3973
    61  0000                     _LATB	set	3978
    62  0000                     _IOCBbits	set	3974
    63  0000                     _INTCONbits	set	4082
    64                           
    65                           ; #config settings
    66                           
    67                           	psect	cinit
    68  00008C                     __pcinit:
    69                           	callstack 0
    70  00008C                     start_initialization:
    71                           	callstack 0
    72  00008C                     __initialization:
    73                           	callstack 0
    74  00008C                     end_of_initialization:
    75                           	callstack 0
    76  00008C                     __end_of__initialization:
    77                           	callstack 0
    78  00008C  9002               	bcf	int$flags,0,c	;clear compiler interrupt flag (level 1)
    79  00008E  9202               	bcf	int$flags,1,c	;clear compiler interrupt flag (level 2)
    80  000090  0100               	movlb	0
    81  000092  EF25  F000         	goto	_main	;jump to C main() function
    82                           
    83                           	psect	cstackCOMRAM
    84  000001                     __pcstackCOMRAM:
    85                           	callstack 0
    86  000001                     ??_ISR_IOC:
    87                           
    88                           ; 1 bytes @ 0x0
    89  000001                     	ds	1
    90  000002                     
    91                           ; 1 bytes @ 0x1
    92 ;;
    93 ;;Main: autosize = 0, tempsize = 0, incstack = 0, save=0
    94 ;;
    95 ;; *************** function _main *****************
    96 ;; Defined at:
    97 ;;		line 16 in file "main.c"
    98 ;; Parameters:    Size  Location     Type
    99 ;;		None
   100 ;; Auto vars:     Size  Location     Type
   101 ;;		None
   102 ;; Return value:  Size  Location     Type
   103 ;;                  1    wreg      void 
   104 ;; Registers used:
   105 ;;		wreg, status,2, cstack
   106 ;; Tracked objects:
   107 ;;		On entry : 0/0
   108 ;;		On exit  : 0/0
   109 ;;		Unchanged: 0/0
   110 ;; Data sizes:     COMRAM   BANK0   BANK1   BANK2   BANK3   BANK4   BANK5   BANK6   BANK7
   111 ;;      Params:         0       0       0       0       0       0       0       0       0
   112 ;;      Locals:         0       0       0       0       0       0       0       0       0
   113 ;;      Temps:          0       0       0       0       0       0       0       0       0
   114 ;;      Totals:         0       0       0       0       0       0       0       0       0
   115 ;;Total ram usage:        0 bytes
   116 ;; Hardware stack levels required when called: 2
   117 ;; This function calls:
   118 ;;		_Config_Clock
   119 ;;		_Config_Interrupt_on_Change
   120 ;;		_Config_Port
   121 ;; This function is called by:
   122 ;;		Startup code after reset
   123 ;; This function uses a non-reentrant model
   124 ;;
   125                           
   126                           	psect	text0
   127  00004A                     __ptext0:
   128                           	callstack 0
   129  00004A                     _main:
   130                           	callstack 29
   131  00004A                     
   132                           ;main.c: 17:     Config_Clock();
   133  00004A  EC39  F000         	call	_Config_Clock	;wreg free
   134                           
   135                           ;main.c: 18:     Config_Port();
   136  00004E  EC2F  F000         	call	_Config_Port	;wreg free
   137  000052                     
   138                           ;main.c: 19:     Config_Interrupt_on_Change();
   139  000052  EC40  F000         	call	_Config_Interrupt_on_Change	;wreg free
   140  000056                     l33:
   141  000056  EF2B  F000         	goto	l33
   142  00005A  EF23  F000         	goto	start
   143  00005E                     __end_of_main:
   144                           	callstack 0
   145                           
   146 ;; *************** function _Config_Port *****************
   147 ;; Defined at:
   148 ;;		line 33 in file "main.c"
   149 ;; Parameters:    Size  Location     Type
   150 ;;		None
   151 ;; Auto vars:     Size  Location     Type
   152 ;;		None
   153 ;; Return value:  Size  Location     Type
   154 ;;                  1    wreg      void 
   155 ;; Registers used:
   156 ;;		wreg, status,2
   157 ;; Tracked objects:
   158 ;;		On entry : 0/0
   159 ;;		On exit  : 0/0
   160 ;;		Unchanged: 0/0
   161 ;; Data sizes:     COMRAM   BANK0   BANK1   BANK2   BANK3   BANK4   BANK5   BANK6   BANK7
   162 ;;      Params:         0       0       0       0       0       0       0       0       0
   163 ;;      Locals:         0       0       0       0       0       0       0       0       0
   164 ;;      Temps:          0       0       0       0       0       0       0       0       0
   165 ;;      Totals:         0       0       0       0       0       0       0       0       0
   166 ;;Total ram usage:        0 bytes
   167 ;; Hardware stack levels used: 1
   168 ;; Hardware stack levels required when called: 1
   169 ;; This function calls:
   170 ;;		Nothing
   171 ;; This function is called by:
   172 ;;		_main
   173 ;; This function uses a non-reentrant model
   174 ;;
   175                           
   176                           	psect	text1
   177  00005E                     __ptext1:
   178                           	callstack 0
   179  00005E                     _Config_Port:
   180                           	callstack 29
   181  00005E                     
   182                           ;main.c: 36:     LATDbits.LATD7=0;
   183  00005E  9E8C               	bcf	140,7,c	;volatile
   184  000060                     
   185                           ;main.c: 39:     SLRCON=0b00000000;
   186  000060  0E00               	movlw	0
   187  000062  6E7A               	movwf	122,c	;volatile
   188  000064                     
   189                           ;main.c: 42:     ANSELDbits.ANSD7 = 0;
   190  000064  010F               	movlb	15	; () banked
   191  000066  9F5E               	bcf	94,7,b	;volatile
   192  000068                     
   193                           ; BSR set to: 15
   194                           ;main.c: 45:     TRISDbits.TRISD7=0;
   195  000068  9E95               	bcf	149,7,c	;volatile
   196  00006A                     
   197                           ; BSR set to: 15
   198                           ;main.c: 49:     WPUBbits.WPUB7=1;
   199  00006A  8E85               	bsf	133,7,c	;volatile
   200  00006C                     
   201                           ; BSR set to: 15
   202                           ;main.c: 50:     WPUBbits.WPUB6=1;
   203  00006C  8C85               	bsf	133,6,c	;volatile
   204  00006E                     
   205                           ; BSR set to: 15
   206                           ;main.c: 51:     INTCON2bits.NOT_RBPU=0;
   207  00006E  9EF1               	bcf	241,7,c	;volatile
   208  000070                     
   209                           ; BSR set to: 15
   210  000070  0012               	return		;funcret
   211  000072                     __end_of_Config_Port:
   212                           	callstack 0
   213                           
   214 ;; *************** function _Config_Interrupt_on_Change *****************
   215 ;; Defined at:
   216 ;;		line 55 in file "main.c"
   217 ;; Parameters:    Size  Location     Type
   218 ;;		None
   219 ;; Auto vars:     Size  Location     Type
   220 ;;		None
   221 ;; Return value:  Size  Location     Type
   222 ;;                  1    wreg      void 
   223 ;; Registers used:
   224 ;;		None
   225 ;; Tracked objects:
   226 ;;		On entry : 0/0
   227 ;;		On exit  : 0/0
   228 ;;		Unchanged: 0/0
   229 ;; Data sizes:     COMRAM   BANK0   BANK1   BANK2   BANK3   BANK4   BANK5   BANK6   BANK7
   230 ;;      Params:         0       0       0       0       0       0       0       0       0
   231 ;;      Locals:         0       0       0       0       0       0       0       0       0
   232 ;;      Temps:          0       0       0       0       0       0       0       0       0
   233 ;;      Totals:         0       0       0       0       0       0       0       0       0
   234 ;;Total ram usage:        0 bytes
   235 ;; Hardware stack levels used: 1
   236 ;; Hardware stack levels required when called: 1
   237 ;; This function calls:
   238 ;;		Nothing
   239 ;; This function is called by:
   240 ;;		_main
   241 ;; This function uses a non-reentrant model
   242 ;;
   243                           
   244                           	psect	text2
   245  000080                     __ptext2:
   246                           	callstack 0
   247  000080                     _Config_Interrupt_on_Change:
   248                           	callstack 29
   249  000080                     
   250                           ;main.c: 56:     INTCONbits.IOCIF = 0;
   251  000080  90F2               	bcf	242,0,c	;volatile
   252                           
   253                           ;main.c: 57:     INTCONbits.GIE = 1;
   254  000082  8EF2               	bsf	242,7,c	;volatile
   255                           
   256                           ;main.c: 60:     IOCBbits.IOCB7 = 1;
   257  000084  8E86               	bsf	134,7,c	;volatile
   258                           
   259                           ;main.c: 61:     IOCBbits.IOCB6 = 1;
   260  000086  8C86               	bsf	134,6,c	;volatile
   261                           
   262                           ;main.c: 63:     INTCONbits.IOCIE = 1;
   263  000088  86F2               	bsf	242,3,c	;volatile
   264  00008A  0012               	return		;funcret
   265  00008C                     __end_of_Config_Interrupt_on_Change:
   266                           	callstack 0
   267                           
   268 ;; *************** function _Config_Clock *****************
   269 ;; Defined at:
   270 ;;		line 28 in file "main.c"
   271 ;; Parameters:    Size  Location     Type
   272 ;;		None
   273 ;; Auto vars:     Size  Location     Type
   274 ;;		None
   275 ;; Return value:  Size  Location     Type
   276 ;;                  1    wreg      void 
   277 ;; Registers used:
   278 ;;		wreg, status,2
   279 ;; Tracked objects:
   280 ;;		On entry : 0/0
   281 ;;		On exit  : 0/0
   282 ;;		Unchanged: 0/0
   283 ;; Data sizes:     COMRAM   BANK0   BANK1   BANK2   BANK3   BANK4   BANK5   BANK6   BANK7
   284 ;;      Params:         0       0       0       0       0       0       0       0       0
   285 ;;      Locals:         0       0       0       0       0       0       0       0       0
   286 ;;      Temps:          0       0       0       0       0       0       0       0       0
   287 ;;      Totals:         0       0       0       0       0       0       0       0       0
   288 ;;Total ram usage:        0 bytes
   289 ;; Hardware stack levels used: 1
   290 ;; Hardware stack levels required when called: 1
   291 ;; This function calls:
   292 ;;		Nothing
   293 ;; This function is called by:
   294 ;;		_main
   295 ;; This function uses a non-reentrant model
   296 ;;
   297                           
   298                           	psect	text3
   299  000072                     __ptext3:
   300                           	callstack 0
   301  000072                     _Config_Clock:
   302                           	callstack 29
   303  000072                     
   304                           ;main.c: 29:     OSCCONbits.IRCF=0b111;
   305  000072  0E70               	movlw	112
   306  000074  12D3               	iorwf	211,f,c	;volatile
   307                           
   308                           ;main.c: 30:     OSCCONbits.SCS=0b10;
   309  000076  50D3               	movf	211,w,c	;volatile
   310  000078  0BFC               	andlw	-4
   311  00007A  0902               	iorlw	2
   312  00007C  6ED3               	movwf	211,c	;volatile
   313  00007E  0012               	return		;funcret
   314  000080                     __end_of_Config_Clock:
   315                           	callstack 0
   316                           
   317 ;; *************** function _ISR_IOC *****************
   318 ;; Defined at:
   319 ;;		line 66 in file "main.c"
   320 ;; Parameters:    Size  Location     Type
   321 ;;		None
   322 ;; Auto vars:     Size  Location     Type
   323 ;;		None
   324 ;; Return value:  Size  Location     Type
   325 ;;                  1    wreg      void 
   326 ;; Registers used:
   327 ;;		wreg, status,2, status,0
   328 ;; Tracked objects:
   329 ;;		On entry : 0/0
   330 ;;		On exit  : 0/0
   331 ;;		Unchanged: 0/0
   332 ;; Data sizes:     COMRAM   BANK0   BANK1   BANK2   BANK3   BANK4   BANK5   BANK6   BANK7
   333 ;;      Params:         0       0       0       0       0       0       0       0       0
   334 ;;      Locals:         0       0       0       0       0       0       0       0       0
   335 ;;      Temps:          1       0       0       0       0       0       0       0       0
   336 ;;      Totals:         1       0       0       0       0       0       0       0       0
   337 ;;Total ram usage:        1 bytes
   338 ;; Hardware stack levels used: 1
   339 ;; This function calls:
   340 ;;		Nothing
   341 ;; This function is called by:
   342 ;;		Interrupt level 2
   343 ;; This function uses a non-reentrant model
   344 ;;
   345                           
   346                           	psect	intcode
   347  000008                     __pintcode:
   348                           	callstack 0
   349  000008                     _ISR_IOC:
   350                           	callstack 29
   351                           
   352                           ;incstack = 0
   353  000008  8202               	bsf	int$flags,1,c	;set compiler interrupt flag (level 2)
   354  00000A                     
   355                           ;main.c: 67:     if(INTCONbits.IOCIF){
   356  00000A  A0F2               	btfss	242,0,c	;volatile
   357  00000C  EF0A  F000         	goto	i2u1_41
   358  000010  EF0C  F000         	goto	i2u1_40
   359  000014                     i2u1_41:
   360  000014  EF21  F000         	goto	i2l51
   361  000018                     i2u1_40:
   362  000018                     
   363                           ;main.c: 68:         LATDbits.LATD7=~(LATDbits.LATD7);
   364  000018  BE8C               	btfsc	140,7,c	;volatile
   365  00001A  EF11  F000         	goto	i2u2_41
   366  00001E  EF14  F000         	goto	i2u2_40
   367  000022                     i2u2_41:
   368  000022  0E01               	movlw	1
   369  000024  EF15  F000         	goto	i2u2_46
   370  000028                     i2u2_40:
   371  000028  0E00               	movlw	0
   372  00002A                     i2u2_46:
   373  00002A  0AFF               	xorlw	255
   374  00002C  6E01               	movwf	??_ISR_IOC^0,c
   375  00002E  3201               	rrcf	??_ISR_IOC^0,f,c
   376  000030  3201               	rrcf	??_ISR_IOC^0,f,c
   377  000032  508C               	movf	140,w,c	;volatile
   378  000034  1801               	xorwf	??_ISR_IOC^0,w,c
   379  000036  0B7F               	andlw	-129
   380  000038  1801               	xorwf	??_ISR_IOC^0,w,c
   381  00003A  6E8C               	movwf	140,c	;volatile
   382  00003C                     
   383                           ;main.c: 69:         LATB=PORTB;
   384  00003C  CF81 FF8A          	movff	3969,3978	;volatile
   385  000040                     
   386                           ;main.c: 70:         INTCONbits.IOCIF=0;
   387  000040  90F2               	bcf	242,0,c	;volatile
   388  000042                     i2l51:
   389  000042  9202               	bcf	int$flags,1,c	;clear compiler interrupt flag (level 2)
   390  000044  0011               	retfie		f
   391  000046                     __end_of_ISR_IOC:
   392                           	callstack 0
   393  0000                     
   394                           	psect	rparam
   395  0000                     
   396                           	psect	temp
   397  000002                     btemp:
   398                           	callstack 0
   399  000002                     	ds	1
   400  0000                     int$flags	set	btemp
   401  0000                     wtemp8	set	btemp+1
   402  0000                     ttemp5	set	btemp+1
   403  0000                     ttemp6	set	btemp+4
   404  0000                     ttemp7	set	btemp+8
   405                           
   406                           	psect	idloc
   407                           
   408                           ;Config register IDLOC0 @ 0x200000
   409                           ;	unspecified, using default values
   410  200000                     	org	2097152
   411  200000  FF                 	db	255
   412                           
   413                           ;Config register IDLOC1 @ 0x200001
   414                           ;	unspecified, using default values
   415  200001                     	org	2097153
   416  200001  FF                 	db	255
   417                           
   418                           ;Config register IDLOC2 @ 0x200002
   419                           ;	unspecified, using default values
   420  200002                     	org	2097154
   421  200002  FF                 	db	255
   422                           
   423                           ;Config register IDLOC3 @ 0x200003
   424                           ;	unspecified, using default values
   425  200003                     	org	2097155
   426  200003  FF                 	db	255
   427                           
   428                           ;Config register IDLOC4 @ 0x200004
   429                           ;	unspecified, using default values
   430  200004                     	org	2097156
   431  200004  FF                 	db	255
   432                           
   433                           ;Config register IDLOC5 @ 0x200005
   434                           ;	unspecified, using default values
   435  200005                     	org	2097157
   436  200005  FF                 	db	255
   437                           
   438                           ;Config register IDLOC6 @ 0x200006
   439                           ;	unspecified, using default values
   440  200006                     	org	2097158
   441  200006  FF                 	db	255
   442                           
   443                           ;Config register IDLOC7 @ 0x200007
   444                           ;	unspecified, using default values
   445  200007                     	org	2097159
   446  200007  FF                 	db	255
   447                           
   448                           	psect	config
   449                           
   450                           ;Config register CONFIG1L @ 0x300000
   451                           ;	PLL Selection
   452                           ;	PLLSEL = PLL4X, 4x clock multiplier
   453                           ;	PLL Enable Configuration bit
   454                           ;	CFGPLLEN = OFF, PLL Disabled (firmware controlled)
   455                           ;	CPU System Clock Postscaler
   456                           ;	CPUDIV = NOCLKDIV, CPU uses system clock (no divide)
   457                           ;	Low Speed USB mode with 48 MHz system clock
   458                           ;	LS48MHZ = SYS24X4, System clock at 24 MHz, USB clock divider is set to 4
   459  300000                     	org	3145728
   460  300000  00                 	db	0
   461                           
   462                           ;Config register CONFIG1H @ 0x300001
   463                           ;	Oscillator Selection
   464                           ;	FOSC = INTOSCIO, Internal oscillator
   465                           ;	Primary Oscillator Shutdown
   466                           ;	PCLKEN = ON, Primary oscillator enabled
   467                           ;	Fail-Safe Clock Monitor
   468                           ;	FCMEN = OFF, Fail-Safe Clock Monitor disabled
   469                           ;	Internal/External Oscillator Switchover
   470                           ;	IESO = OFF, Oscillator Switchover mode disabled
   471  300001                     	org	3145729
   472  300001  28                 	db	40
   473                           
   474                           ;Config register CONFIG2L @ 0x300002
   475                           ;	Power-up Timer Enable
   476                           ;	nPWRTEN = ON, Power up timer enabled
   477                           ;	Brown-out Reset Enable
   478                           ;	BOREN = SBORDIS, BOR enabled in hardware (SBOREN is ignored)
   479                           ;	Brown-out Reset Voltage
   480                           ;	BORV = 190, BOR set to 1.9V nominal
   481                           ;	Low-Power Brown-out Reset
   482                           ;	nLPBOR = OFF, Low-Power Brown-out Reset disabled
   483  300002                     	org	3145730
   484  300002  5E                 	db	94
   485                           
   486                           ;Config register CONFIG2H @ 0x300003
   487                           ;	Watchdog Timer Enable bits
   488                           ;	WDTEN = OFF, WDT disabled in hardware (SWDTEN ignored)
   489                           ;	Watchdog Timer Postscaler
   490                           ;	WDTPS = 32768, 1:32768
   491  300003                     	org	3145731
   492  300003  3C                 	db	60
   493                           
   494                           ; Padding undefined space
   495  300004                     	org	3145732
   496  300004  FF                 	db	255
   497                           
   498                           ;Config register CONFIG3H @ 0x300005
   499                           ;	CCP2 MUX bit
   500                           ;	CCP2MX = RC1, CCP2 input/output is multiplexed with RC1
   501                           ;	PORTB A/D Enable bit
   502                           ;	PBADEN = ON, PORTB<5:0> pins are configured as analog input channels on Reset
   503                           ;	Timer3 Clock Input MUX bit
   504                           ;	T3CMX = RC0, T3CKI function is on RC0
   505                           ;	SDO Output MUX bit
   506                           ;	SDOMX = RB3, SDO function is on RB3
   507                           ;	Master Clear Reset Pin Enable
   508                           ;	MCLRE = OFF, RE3 input pin enabled; external MCLR disabled
   509  300005                     	org	3145733
   510  300005  53                 	db	83
   511                           
   512                           ;Config register CONFIG4L @ 0x300006
   513                           ;	Stack Full/Underflow Reset
   514                           ;	STVREN = ON, Stack full/underflow will cause Reset
   515                           ;	Single-Supply ICSP Enable bit
   516                           ;	LVP = OFF, Single-Supply ICSP disabled
   517                           ;	Dedicated In-Circuit Debug/Programming Port Enable
   518                           ;	ICPRT = OFF, ICPORT disabled
   519                           ;	Extended Instruction Set Enable bit
   520                           ;	XINST = OFF, Instruction set extension and Indexed Addressing mode disabled
   521                           ;	Background Debugger Enable bit
   522                           ;	DEBUG = 0x1, unprogrammed default
   523  300006                     	org	3145734
   524  300006  81                 	db	129
   525                           
   526                           ; Padding undefined space
   527  300007                     	org	3145735
   528  300007  FF                 	db	255
   529                           
   530                           ;Config register CONFIG5L @ 0x300008
   531                           ;	Block 0 Code Protect
   532                           ;	CP0 = OFF, Block 0 is not code-protected
   533                           ;	Block 1 Code Protect
   534                           ;	CP1 = OFF, Block 1 is not code-protected
   535                           ;	Block 2 Code Protect
   536                           ;	CP2 = OFF, Block 2 is not code-protected
   537                           ;	Block 3 Code Protect
   538                           ;	CP3 = OFF, Block 3 is not code-protected
   539  300008                     	org	3145736
   540  300008  0F                 	db	15
   541                           
   542                           ;Config register CONFIG5H @ 0x300009
   543                           ;	Boot Block Code Protect
   544                           ;	CPB = OFF, Boot block is not code-protected
   545                           ;	Data EEPROM Code Protect
   546                           ;	CPD = OFF, Data EEPROM is not code-protected
   547  300009                     	org	3145737
   548  300009  C0                 	db	192
   549                           
   550                           ;Config register CONFIG6L @ 0x30000A
   551                           ;	Block 0 Write Protect
   552                           ;	WRT0 = OFF, Block 0 (0800-1FFFh) is not write-protected
   553                           ;	Block 1 Write Protect
   554                           ;	WRT1 = OFF, Block 1 (2000-3FFFh) is not write-protected
   555                           ;	Block 2 Write Protect
   556                           ;	WRT2 = OFF, Block 2 (04000-5FFFh) is not write-protected
   557                           ;	Block 3 Write Protect
   558                           ;	WRT3 = OFF, Block 3 (06000-7FFFh) is not write-protected
   559  30000A                     	org	3145738
   560  30000A  0F                 	db	15
   561                           
   562                           ;Config register CONFIG6H @ 0x30000B
   563                           ;	Configuration Registers Write Protect
   564                           ;	WRTC = OFF, Configuration registers (300000-3000FFh) are not write-protected
   565                           ;	Boot Block Write Protect
   566                           ;	WRTB = OFF, Boot block (0000-7FFh) is not write-protected
   567                           ;	Data EEPROM Write Protect
   568                           ;	WRTD = OFF, Data EEPROM is not write-protected
   569  30000B                     	org	3145739
   570  30000B  E0                 	db	224
   571                           
   572                           ;Config register CONFIG7L @ 0x30000C
   573                           ;	Block 0 Table Read Protect
   574                           ;	EBTR0 = OFF, Block 0 is not protected from table reads executed in other blocks
   575                           ;	Block 1 Table Read Protect
   576                           ;	EBTR1 = OFF, Block 1 is not protected from table reads executed in other blocks
   577                           ;	Block 2 Table Read Protect
   578                           ;	EBTR2 = OFF, Block 2 is not protected from table reads executed in other blocks
   579                           ;	Block 3 Table Read Protect
   580                           ;	EBTR3 = OFF, Block 3 is not protected from table reads executed in other blocks
   581  30000C                     	org	3145740
   582  30000C  0F                 	db	15
   583                           
   584                           ;Config register CONFIG7H @ 0x30000D
   585                           ;	Boot Block Table Read Protect
   586                           ;	EBTRB = OFF, Boot block is not protected from table reads executed in other blocks
   587  30000D                     	org	3145741
   588  30000D  40                 	db	64
   589                           tosu	equ	0xFFF
   590                           tosh	equ	0xFFE
   591                           tosl	equ	0xFFD
   592                           stkptr	equ	0xFFC
   593                           pclatu	equ	0xFFB
   594                           pclath	equ	0xFFA
   595                           pcl	equ	0xFF9
   596                           tblptru	equ	0xFF8
   597                           tblptrh	equ	0xFF7
   598                           tblptrl	equ	0xFF6
   599                           tablat	equ	0xFF5
   600                           prodh	equ	0xFF4
   601                           prodl	equ	0xFF3
   602                           indf0	equ	0xFEF
   603                           postinc0	equ	0xFEE
   604                           postdec0	equ	0xFED
   605                           preinc0	equ	0xFEC
   606                           plusw0	equ	0xFEB
   607                           fsr0h	equ	0xFEA
   608                           fsr0l	equ	0xFE9
   609                           wreg	equ	0xFE8
   610                           indf1	equ	0xFE7
   611                           postinc1	equ	0xFE6
   612                           postdec1	equ	0xFE5
   613                           preinc1	equ	0xFE4
   614                           plusw1	equ	0xFE3
   615                           fsr1h	equ	0xFE2
   616                           fsr1l	equ	0xFE1
   617                           bsr	equ	0xFE0
   618                           indf2	equ	0xFDF
   619                           postinc2	equ	0xFDE
   620                           postdec2	equ	0xFDD
   621                           preinc2	equ	0xFDC
   622                           plusw2	equ	0xFDB
   623                           fsr2h	equ	0xFDA
   624                           fsr2l	equ	0xFD9
   625                           status	equ	0xFD8

Data Sizes:
    Strings     0
    Constant    0
    Data        0
    BSS         0
    Persistent  0
    Stack       0

Auto Spaces:
    Space          Size  Autos    Used
    COMRAM           94      1       1
    BANK0           160      0       0
    BANK1           256      0       0
    BANK2           256      0       0
    BANK3           256      0       0
    BANK4           256      0       0
    BANK5           256      0       0
    BANK6           256      0       0
    BANK7           256      0       0

Pointer List with Targets:

    None.

Critical Paths under _main in COMRAM

    None.

Critical Paths under _ISR_IOC in COMRAM

    None.

Critical Paths under _main in BANK0

    None.

Critical Paths under _ISR_IOC in BANK0

    None.

Critical Paths under _main in BANK1

    None.

Critical Paths under _ISR_IOC in BANK1

    None.

Critical Paths under _main in BANK2

    None.

Critical Paths under _ISR_IOC in BANK2

    None.

Critical Paths under _main in BANK3

    None.

Critical Paths under _ISR_IOC in BANK3

    None.

Critical Paths under _main in BANK4

    None.

Critical Paths under _ISR_IOC in BANK4

    None.

Critical Paths under _main in BANK5

    None.

Critical Paths under _ISR_IOC in BANK5

    None.

Critical Paths under _main in BANK6

    None.

Critical Paths under _ISR_IOC in BANK6

    None.

Critical Paths under _main in BANK7

    None.

Critical Paths under _ISR_IOC in BANK7

    None.

Call Graph Tables:

 ---------------------------------------------------------------------------------
 (Depth) Function   	        Calls       Base Space   Used Autos Params    Refs
 ---------------------------------------------------------------------------------
 (0) _main                                                 0     0      0       0
                       _Config_Clock
         _Config_Interrupt_on_Change
                        _Config_Port
 ---------------------------------------------------------------------------------
 (1) _Config_Port                                          0     0      0       0
 ---------------------------------------------------------------------------------
 (1) _Config_Interrupt_on_Change                           0     0      0       0
 ---------------------------------------------------------------------------------
 (1) _Config_Clock                                         0     0      0       0
 ---------------------------------------------------------------------------------
 Estimated maximum stack depth 1
 ---------------------------------------------------------------------------------
 (Depth) Function   	        Calls       Base Space   Used Autos Params    Refs
 ---------------------------------------------------------------------------------
 (2) _ISR_IOC                                              1     1      0       0
                                              0 COMRAM     1     1      0
 ---------------------------------------------------------------------------------
 Estimated maximum stack depth 2
 ---------------------------------------------------------------------------------

 Call Graph Graphs:

 _main (ROOT)
   _Config_Clock
   _Config_Interrupt_on_Change
   _Config_Port

 _ISR_IOC (ROOT)

 Address spaces:
Name               Size   Autos  Total    Cost      Usage
BITCOMRAM           5E      0       0       0        0.0%
EEDATA             100      0       0       0        0.0%
NULL                 0      0       0       0        0.0%
CODE                 0      0       0       0        0.0%
COMRAM              5E      1       1       1        1.1%
STACK                0      0       0       2        0.0%
DATA                 0      0       0       3        0.0%
BITBANK0            A0      0       0       4        0.0%
BANK0               A0      0       0       5        0.0%
BITBANK1           100      0       0       6        0.0%
BANK1              100      0       0       7        0.0%
BITBANK2           100      0       0       8        0.0%
BANK2              100      0       0       9        0.0%
BITBANK3           100      0       0      10        0.0%
BANK3              100      0       0      11        0.0%
BITBANK4           100      0       0      12        0.0%
BANK4              100      0       0      13        0.0%
BITBANK5           100      0       0      14        0.0%
BANK5              100      0       0      15        0.0%
BITBANK6           100      0       0      16        0.0%
BANK6              100      0       0      17        0.0%
BITBANK7           100      0       0      18        0.0%
BANK7              100      0       0      19        0.0%
BITBIGSFRhh          D      0       0      20        0.0%
BITBIGSFRhl         1D      0       0      21        0.0%
BITBIGSFRlhh        3D      0       0      22        0.0%
BITBIGSFRlhl         8      0       0      23        0.0%
BITBIGSFRllhhh       1      0       0      24        0.0%
BITBIGSFRllhhl       3      0       0      25        0.0%
BITBIGSFRllhlh       3      0       0      26        0.0%
BITBIGSFRllhll       6      0       0      27        0.0%
BITBIGSFRlllh       1B      0       0      28        0.0%
BITBIGSFRllll        B      0       0      29        0.0%
ABS                  0      0       0      30        0.0%
BIGRAM             7FF      0       0      31        0.0%
BIGSFR               0      0       0     200        0.0%
BITSFR_1             0      0       0     200        0.0%
SFR_1                0      0       0     200        0.0%
BITSFR               0      0       0     200        0.0%
SFR                  0      0       0     200        0.0%


Microchip Technology PIC18 Macro Assembler V2.36 build 20220127204148 
Symbol Table                                                                                   Fri Jul 08 15:41:20 2022

                                l33 0056                                  l42 0070  
                                l34 0056                                  l45 008A  
                                l39 007E                                 l731 0060  
                               l741 006E                                 l733 0064  
                               l727 0072                                 l743 0080  
                               l735 0068                                 l737 006A  
                               l729 005E                                 l745 004A  
                               l739 006C                                 l747 0052  
                              _LATB 000F8A                                i2l51 0042  
                   __end_of_ISR_IOC 0046                                _main 004A  
                              btemp 0002                                start 0046  
                      ___param_bank 000000                 __end_of_Config_Port 0072  
                             ?_main 0001                               i2l751 0018  
                             i2l753 003C                               i2l755 0040  
                             i2l749 000A                               _PORTB 000F81  
                             ttemp5 0003                               ttemp6 0006  
                             ttemp7 000A                               wtemp8 0003  
                   __initialization 008C                __end_of_Config_Clock 0080  
                      __end_of_main 005E                              ??_main 0002  
                     __activetblptr 000000                           ??_ISR_IOC 0001  
__end_of_Config_Interrupt_on_Change 008C          _Config_Interrupt_on_Change 0080  
                            _SLRCON 000F7A                              i2u1_40 0018  
                            i2u1_41 0014                              i2u2_40 0028  
                            i2u2_41 0022                              i2u2_46 002A  
                       _Config_Port 005E                              isa$std 000001  
                        __accesstop 0060             __end_of__initialization 008C  
                     ___rparam_used 000001                      __pcstackCOMRAM 0001  
                           _ISR_IOC 0008                        _Config_Clock 0072  
                           __Hparam 0000                             __Lparam 0000  
                           __pcinit 008C                             __ramtop 0800  
                           __ptext0 004A                             __ptext1 005E  
                           __ptext2 0080                             __ptext3 0072  
       ?_Config_Interrupt_on_Change 0001                end_of_initialization 008C  
                      ?_Config_Port 0001                           _TRISDbits 000F95  
               start_initialization 008C                            ?_ISR_IOC 0001  
                         __pintcode 0008                            _IOCBbits 000F86  
                          _LATDbits 000F8C                            _WPUBbits 000F85  
                       _INTCON2bits 000FF1                            __Hrparam 0000  
                          __Lrparam 0000                          _ANSELDbits 000F5E  
                          isa$xinst 000000                            int$flags 0002  
                        _INTCONbits 000FF2                       ?_Config_Clock 0001  
                          intlevel2 0000                          _OSCCONbits 000FD3  
                    ??_Config_Clock 0002        ??_Config_Interrupt_on_Change 0002  
                     ??_Config_Port 0002  
