

Microchip Technology PIC18 LITE Macro Assembler V1.45 build -152302408 
                                                                                               Sun Jul 10 15:49:17 2022

Microchip Technology Omniscient Code Generator v1.45 (Free mode) build 201711160504
     1                           	processor	18F45K50
     2                           	fnconf	rparam,??,?,0
     3                           	opt	pw 120
     4                           	opt	lm
     5                           	psect	cinit,global,reloc=2,class=CODE,delta=1
     6                           	psect	cstackCOMRAM,global,class=COMRAM,space=1,delta=1,noexec
     7                           	psect	text0,global,reloc=2,class=CODE,delta=1
     8                           	psect	text1,global,reloc=2,class=CODE,delta=1
     9                           	psect	text2,global,reloc=2,class=CODE,delta=1
    10                           	psect	text3,global,reloc=2,class=CODE,delta=1
    11                           	psect	text4,global,reloc=2,class=CODE,delta=1
    12                           	psect	intcode,global,reloc=2,class=CODE,delta=1
    13                           	psect	intsave_regs,global,class=BIGRAM,space=1,delta=1,noexec
    14                           	psect	rparam,global,class=COMRAM,space=1,delta=1,noexec
    15                           	psect	temp,global,ovrld,common,class=COMRAM,space=1,delta=1
    16  0000                     
    17                           ; Version 1.45
    18                           ; Generated 16/11/2017 GMT
    19                           ; 
    20                           ; Copyright © 2017, Microchip Technology Inc. and its subsidiaries ("Microchip")
    21                           ; All rights reserved.
    22                           ; 
    23                           ; This software is developed by Microchip Technology Inc. and its subsidiaries ("Microch
      +                          ip").
    24                           ; 
    25                           ; Redistribution and use in source and binary forms, with or without modification, are
    26                           ; permitted provided that the following conditions are met:
    27                           ; 
    28                           ;     1. Redistributions of source code must retain the above copyright notice, this lis
      +                          t of
    29                           ;        conditions and the following disclaimer.
    30                           ; 
    31                           ;     2. Redistributions in binary form must reproduce the above copyright notice, this 
      +                          list
    32                           ;        of conditions and the following disclaimer in the documentation and/or other
    33                           ;        materials provided with the distribution.
    34                           ; 
    35                           ;     3. Microchip's name may not be used to endorse or promote products derived from th
      +                          is
    36                           ;        software without specific prior written permission.
    37                           ; 
    38                           ; THIS SOFTWARE IS PROVIDED BY MICROCHIP "AS IS" AND ANY EXPRESS OR IMPLIED WARRANTIES,
    39                           ; INCLUDING, BUT NOT LIMITED TO, THE IMPLIED WARRANTIES OF MERCHANTABILITY AND FITNESS F
      +                          OR
    40                           ; PURPOSE ARE DISCLAIMED.  IN NO EVENT SHALL MICROCHIP BE LIABLE FOR ANY DIRECT, INDIREC
      +                          T,
    41                           ; INCIDENTAL, SPECIAL, EXEMPLARY, OR CONSEQUENTIAL DAMAGES (INCLUDING BUT NOT LIMITED TO
    42                           ; PROCUREMENT OF SUBSTITUTE GOODS OR SERVICES; LOSS OF USE, DATA OR PROFITS; OR BUSINESS
    43                           ; INTERRUPTION) HOWSOEVER CAUSED AND ON ANY THEORY OF LIABILITY, WHETHER IN CONTRACT, ST
      +                          RICT
    44                           ; LIABILITY, OR TORT (INCLUDING NEGLIGENCE OR OTHERWISE) ARISING IN ANY WAY OUT OF THE U
      +                          SE OF
    45                           ; THIS SOFTWARE, EVEN IF ADVISED OF THE POSSIBILITY OF SUCH DAMAGE.
    46                           ; 
    47                           ; 
    48                           ; Code-generator required, PIC18F45K50 Definitions
    49                           ; 
    50                           ; SFR Addresses
    51  0000                     _ANSELD	set	3934
    52  0000                     _TMR0	set	4054
    53  0000                     _LATDbits	set	3980
    54  0000                     _T0CONbits	set	4053
    55  0000                     _LATC	set	3979
    56  0000                     _INTCONbits	set	4082
    57  0000                     _TRISCbits	set	3988
    58  0000                     _SLRCON	set	3962
    59  0000                     _LATCbits	set	3979
    60  0000                     _OSCCONbits	set	4051
    61                           
    62                           ; #config settings
    63  0000                     
    64                           	psect	cinit
    65  000102                     __pcinit:
    66                           	opt stack 0
    67  000102                     start_initialization:
    68                           	opt stack 0
    69  000102                     __initialization:
    70                           	opt stack 0
    71  000102                     end_of_initialization:
    72                           	opt stack 0
    73  000102                     __end_of__initialization:
    74                           	opt stack 0
    75  000102  9013               	bcf	int$flags,0,c	;clear compiler interrupt flag (level 1)
    76  000104  9213               	bcf	int$flags,1,c	;clear compiler interrupt flag (level 2)
    77  000106  0100               	movlb	0
    78  000108  EF68  F000         	goto	_main	;jump to C main() function
    79                           
    80                           	psect	cstackCOMRAM
    81  000001                     __pcstackCOMRAM:
    82                           	opt stack 0
    83  000001                     ??_ISR_TMR0:
    84                           
    85                           ; 1 bytes @ 0x0
    86  000001                     	ds	18
    87  000013                     
    88                           ; 1 bytes @ 0x12
    89 ;;
    90 ;;Main: autosize = 0, tempsize = 0, incstack = 0, save=0
    91 ;;
    92 ;; *************** function _main *****************
    93 ;; Defined at:
    94 ;;		line 20 in file "main.c"
    95 ;; Parameters:    Size  Location     Type
    96 ;;		None
    97 ;; Auto vars:     Size  Location     Type
    98 ;;		None
    99 ;; Return value:  Size  Location     Type
   100 ;;                  1    wreg      void 
   101 ;; Registers used:
   102 ;;		wreg, status,2, cstack
   103 ;; Tracked objects:
   104 ;;		On entry : 0/0
   105 ;;		On exit  : 0/0
   106 ;;		Unchanged: 0/0
   107 ;; Data sizes:     COMRAM   BANK0   BANK1   BANK2   BANK3   BANK4   BANK5   BANK6   BANK7
   108 ;;      Params:         0       0       0       0       0       0       0       0       0
   109 ;;      Locals:         0       0       0       0       0       0       0       0       0
   110 ;;      Temps:          0       0       0       0       0       0       0       0       0
   111 ;;      Totals:         0       0       0       0       0       0       0       0       0
   112 ;;Total ram usage:        0 bytes
   113 ;; Hardware stack levels required when called:    2
   114 ;; This function calls:
   115 ;;		_Config_Clock
   116 ;;		_Config_Port
   117 ;;		_Config_TMR0_16bits_Temporizador
   118 ;;		_Config_TMR0_Interrupt
   119 ;; This function is called by:
   120 ;;		Startup code after reset
   121 ;; This function uses a non-reentrant model
   122 ;;
   123                           
   124                           	psect	text0
   125  0000D0                     __ptext0:
   126                           	opt stack 0
   127  0000D0                     _main:
   128                           	opt stack 29
   129                           
   130                           ;main.c: 22: Config_Clock();
   131                           
   132                           ;incstack = 0
   133  0000D0  EC79  F000         	call	_Config_Clock	;wreg free
   134                           
   135                           ;main.c: 23: Config_Port();
   136  0000D4  EC71  F000         	call	_Config_Port	;wreg free
   137                           
   138                           ;main.c: 24: Config_TMR0_Interrupt();
   139  0000D8  EC86  F000         	call	_Config_TMR0_Interrupt	;wreg free
   140                           
   141                           ;main.c: 27: Config_TMR0_16bits_Temporizador();
   142  0000DC  EC5A  F000         	call	_Config_TMR0_16bits_Temporizador	;wreg free
   143  0000E0                     l31:
   144  0000E0  D7FF               	goto	l31
   145  0000E2                     __end_of_main:
   146                           	opt stack 0
   147                           
   148 ;; *************** function _Config_TMR0_Interrupt *****************
   149 ;; Defined at:
   150 ;;		line 54 in file "main.c"
   151 ;; Parameters:    Size  Location     Type
   152 ;;		None
   153 ;; Auto vars:     Size  Location     Type
   154 ;;		None
   155 ;; Return value:  Size  Location     Type
   156 ;;                  1    wreg      void 
   157 ;; Registers used:
   158 ;;		None
   159 ;; Tracked objects:
   160 ;;		On entry : 0/0
   161 ;;		On exit  : 0/0
   162 ;;		Unchanged: 0/0
   163 ;; Data sizes:     COMRAM   BANK0   BANK1   BANK2   BANK3   BANK4   BANK5   BANK6   BANK7
   164 ;;      Params:         0       0       0       0       0       0       0       0       0
   165 ;;      Locals:         0       0       0       0       0       0       0       0       0
   166 ;;      Temps:          0       0       0       0       0       0       0       0       0
   167 ;;      Totals:         0       0       0       0       0       0       0       0       0
   168 ;;Total ram usage:        0 bytes
   169 ;; Hardware stack levels used:    1
   170 ;; Hardware stack levels required when called:    1
   171 ;; This function calls:
   172 ;;		Nothing
   173 ;; This function is called by:
   174 ;;		_main
   175 ;; This function uses a non-reentrant model
   176 ;;
   177                           
   178                           	psect	text1
   179  00010C                     __ptext1:
   180                           	opt stack 0
   181  00010C                     _Config_TMR0_Interrupt:
   182                           	opt stack 29
   183                           
   184                           ;main.c: 55: INTCONbits.GIE = 1;
   185                           
   186                           ;incstack = 0
   187  00010C  8EF2               	bsf	intcon,7,c	;volatile
   188                           
   189                           ;main.c: 56: INTCONbits.PEIE = 1;
   190  00010E  8CF2               	bsf	intcon,6,c	;volatile
   191                           
   192                           ;main.c: 58: INTCONbits.TMR0IF = 0;
   193  000110  94F2               	bcf	intcon,2,c	;volatile
   194                           
   195                           ;main.c: 59: INTCONbits.TMR0IE = 1;
   196  000112  8AF2               	bsf	intcon,5,c	;volatile
   197  000114  0012               	return		;funcret
   198  000116                     __end_of_Config_TMR0_Interrupt:
   199                           	opt stack 0
   200                           intcon	equ	0xFF2
   201                           
   202 ;; *************** function _Config_TMR0_16bits_Temporizador *****************
   203 ;; Defined at:
   204 ;;		line 96 in file "main.c"
   205 ;; Parameters:    Size  Location     Type
   206 ;;		None
   207 ;; Auto vars:     Size  Location     Type
   208 ;;		None
   209 ;; Return value:  Size  Location     Type
   210 ;;                  1    wreg      void 
   211 ;; Registers used:
   212 ;;		wreg, status,2
   213 ;; Tracked objects:
   214 ;;		On entry : 0/0
   215 ;;		On exit  : 0/0
   216 ;;		Unchanged: 0/0
   217 ;; Data sizes:     COMRAM   BANK0   BANK1   BANK2   BANK3   BANK4   BANK5   BANK6   BANK7
   218 ;;      Params:         0       0       0       0       0       0       0       0       0
   219 ;;      Locals:         0       0       0       0       0       0       0       0       0
   220 ;;      Temps:          0       0       0       0       0       0       0       0       0
   221 ;;      Totals:         0       0       0       0       0       0       0       0       0
   222 ;;Total ram usage:        0 bytes
   223 ;; Hardware stack levels used:    1
   224 ;; Hardware stack levels required when called:    1
   225 ;; This function calls:
   226 ;;		Nothing
   227 ;; This function is called by:
   228 ;;		_main
   229 ;; This function uses a non-reentrant model
   230 ;;
   231                           
   232                           	psect	text2
   233  0000B4                     __ptext2:
   234                           	opt stack 0
   235  0000B4                     _Config_TMR0_16bits_Temporizador:
   236                           	opt stack 29
   237                           
   238                           ;main.c: 97: T0CONbits.TMR0ON = 0;
   239                           
   240                           ;incstack = 0
   241  0000B4  9ED5               	bcf	4053,7,c	;volatile
   242                           
   243                           ;main.c: 98: T0CONbits.T08BIT = 0;
   244  0000B6  9CD5               	bcf	4053,6,c	;volatile
   245                           
   246                           ;main.c: 99: T0CONbits.T0CS = 0;
   247  0000B8  9AD5               	bcf	4053,5,c	;volatile
   248                           
   249                           ;main.c: 113: T0CONbits.PSA = 0;
   250  0000BA  96D5               	bcf	4053,3,c	;volatile
   251                           
   252                           ;main.c: 114: T0CONbits.T0PS = 0b110;
   253  0000BC  50D5               	movf	4053,w,c	;volatile
   254  0000BE  0BF8               	andlw	-8
   255  0000C0  0906               	iorlw	6
   256  0000C2  6ED5               	movwf	4053,c	;volatile
   257                           
   258                           ;main.c: 115: TMR0 = 62411;
   259  0000C4  0EF3               	movlw	243
   260  0000C6  6ED7               	movwf	4055,c	;volatile
   261  0000C8  0ECB               	movlw	203
   262  0000CA  6ED6               	movwf	4054,c	;volatile
   263                           
   264                           ;main.c: 116: T0CONbits.TMR0ON = 1;
   265  0000CC  8ED5               	bsf	4053,7,c	;volatile
   266  0000CE  0012               	return		;funcret
   267  0000D0                     __end_of_Config_TMR0_16bits_Temporizador:
   268                           	opt stack 0
   269                           intcon	equ	0xFF2
   270                           
   271 ;; *************** function _Config_Port *****************
   272 ;; Defined at:
   273 ;;		line 39 in file "main.c"
   274 ;; Parameters:    Size  Location     Type
   275 ;;		None
   276 ;; Auto vars:     Size  Location     Type
   277 ;;		None
   278 ;; Return value:  Size  Location     Type
   279 ;;                  1    wreg      void 
   280 ;; Registers used:
   281 ;;		wreg, status,2
   282 ;; Tracked objects:
   283 ;;		On entry : 0/0
   284 ;;		On exit  : 0/0
   285 ;;		Unchanged: 0/0
   286 ;; Data sizes:     COMRAM   BANK0   BANK1   BANK2   BANK3   BANK4   BANK5   BANK6   BANK7
   287 ;;      Params:         0       0       0       0       0       0       0       0       0
   288 ;;      Locals:         0       0       0       0       0       0       0       0       0
   289 ;;      Temps:          0       0       0       0       0       0       0       0       0
   290 ;;      Totals:         0       0       0       0       0       0       0       0       0
   291 ;;Total ram usage:        0 bytes
   292 ;; Hardware stack levels used:    1
   293 ;; Hardware stack levels required when called:    1
   294 ;; This function calls:
   295 ;;		Nothing
   296 ;; This function is called by:
   297 ;;		_main
   298 ;; This function uses a non-reentrant model
   299 ;;
   300                           
   301                           	psect	text3
   302  0000E2                     __ptext3:
   303                           	opt stack 0
   304  0000E2                     _Config_Port:
   305                           	opt stack 29
   306                           
   307                           ;main.c: 41: LATCbits.LATC0= 0;
   308                           
   309                           ;incstack = 0
   310  0000E2  908B               	bcf	3979,0,c	;volatile
   311                           
   312                           ;main.c: 44: SLRCON=0b00000000;
   313  0000E4  0E00               	movlw	0
   314  0000E6  6E7A               	movwf	3962,c	;volatile
   315                           
   316                           ;main.c: 47: ANSELD=0b00000000;
   317  0000E8  0E00               	movlw	0
   318  0000EA  010F               	movlb	15	; () banked
   319  0000EC  6F5E               	movwf	94,b	;volatile
   320                           
   321                           ; BSR set to: 15
   322                           ;main.c: 50: TRISCbits.TRISC0=0;
   323  0000EE  9094               	bcf	3988,0,c	;volatile
   324                           
   325                           ; BSR set to: 15
   326  0000F0  0012               	return		;funcret
   327  0000F2                     __end_of_Config_Port:
   328                           	opt stack 0
   329                           intcon	equ	0xFF2
   330                           
   331 ;; *************** function _Config_Clock *****************
   332 ;; Defined at:
   333 ;;		line 34 in file "main.c"
   334 ;; Parameters:    Size  Location     Type
   335 ;;		None
   336 ;; Auto vars:     Size  Location     Type
   337 ;;		None
   338 ;; Return value:  Size  Location     Type
   339 ;;                  1    wreg      void 
   340 ;; Registers used:
   341 ;;		wreg, status,2
   342 ;; Tracked objects:
   343 ;;		On entry : 0/0
   344 ;;		On exit  : 0/0
   345 ;;		Unchanged: 0/0
   346 ;; Data sizes:     COMRAM   BANK0   BANK1   BANK2   BANK3   BANK4   BANK5   BANK6   BANK7
   347 ;;      Params:         0       0       0       0       0       0       0       0       0
   348 ;;      Locals:         0       0       0       0       0       0       0       0       0
   349 ;;      Temps:          0       0       0       0       0       0       0       0       0
   350 ;;      Totals:         0       0       0       0       0       0       0       0       0
   351 ;;Total ram usage:        0 bytes
   352 ;; Hardware stack levels used:    1
   353 ;; Hardware stack levels required when called:    1
   354 ;; This function calls:
   355 ;;		Nothing
   356 ;; This function is called by:
   357 ;;		_main
   358 ;; This function uses a non-reentrant model
   359 ;;
   360                           
   361                           	psect	text4
   362  0000F2                     __ptext4:
   363                           	opt stack 0
   364  0000F2                     _Config_Clock:
   365                           	opt stack 29
   366                           
   367                           ;main.c: 35: OSCCONbits.IRCF=0b111;
   368                           
   369                           ; BSR set to: 15
   370                           ;incstack = 0
   371  0000F2  88D3               	bsf	4051,4,c	;volatile
   372  0000F4  8AD3               	bsf	4051,5,c	;volatile
   373  0000F6  8CD3               	bsf	4051,6,c	;volatile
   374                           
   375                           ;main.c: 36: OSCCONbits.SCS=0b10;
   376  0000F8  50D3               	movf	4051,w,c	;volatile
   377  0000FA  0BFC               	andlw	-4
   378  0000FC  0902               	iorlw	2
   379  0000FE  6ED3               	movwf	4051,c	;volatile
   380  000100  0012               	return		;funcret
   381  000102                     __end_of_Config_Clock:
   382                           	opt stack 0
   383                           intcon	equ	0xFF2
   384                           
   385 ;; *************** function _ISR_TMR0 *****************
   386 ;; Defined at:
   387 ;;		line 63 in file "main.c"
   388 ;; Parameters:    Size  Location     Type
   389 ;;		None
   390 ;; Auto vars:     Size  Location     Type
   391 ;;		None
   392 ;; Return value:  Size  Location     Type
   393 ;;                  1    wreg      void 
   394 ;; Registers used:
   395 ;;		wreg, status,2, status,0
   396 ;; Tracked objects:
   397 ;;		On entry : 0/0
   398 ;;		On exit  : 0/0
   399 ;;		Unchanged: 0/0
   400 ;; Data sizes:     COMRAM   BANK0   BANK1   BANK2   BANK3   BANK4   BANK5   BANK6   BANK7
   401 ;;      Params:         0       0       0       0       0       0       0       0       0
   402 ;;      Locals:         0       0       0       0       0       0       0       0       0
   403 ;;      Temps:         18       0       0       0       0       0       0       0       0
   404 ;;      Totals:        18       0       0       0       0       0       0       0       0
   405 ;;Total ram usage:       18 bytes
   406 ;; Hardware stack levels used:    1
   407 ;; This function calls:
   408 ;;		Nothing
   409 ;; This function is called by:
   410 ;;		Interrupt level 2
   411 ;; This function uses a non-reentrant model
   412 ;;
   413                           
   414                           	psect	intcode
   415  000008                     __pintcode:
   416                           	opt stack 0
   417  000008                     _ISR_TMR0:
   418                           	opt stack 29
   419                           
   420                           ;incstack = 0
   421  000008  8213               	bsf	btemp,1,c	;set compiler interrupt flag (level 2)
   422  00000A  CFFA F001          	movff	pclath,??_ISR_TMR0
   423  00000E  CFFB F002          	movff	pclatu,??_ISR_TMR0+1
   424  000012  CFE9 F003          	movff	fsr0l,??_ISR_TMR0+2
   425  000016  CFEA F004          	movff	fsr0h,??_ISR_TMR0+3
   426  00001A  CFE1 F005          	movff	fsr1l,??_ISR_TMR0+4
   427  00001E  CFE2 F006          	movff	fsr1h,??_ISR_TMR0+5
   428  000022  CFD9 F007          	movff	fsr2l,??_ISR_TMR0+6
   429  000026  CFDA F008          	movff	fsr2h,??_ISR_TMR0+7
   430  00002A  CFF3 F009          	movff	prodl,??_ISR_TMR0+8
   431  00002E  CFF4 F00A          	movff	prodh,??_ISR_TMR0+9
   432  000032  CFF6 F00B          	movff	tblptrl,??_ISR_TMR0+10
   433  000036  CFF7 F00C          	movff	tblptrh,??_ISR_TMR0+11
   434  00003A  CFF8 F00D          	movff	tblptru,??_ISR_TMR0+12
   435  00003E  CFF5 F00E          	movff	tablat,??_ISR_TMR0+13
   436  000042  C013  F00F         	movff	btemp,??_ISR_TMR0+14
   437  000046  C014  F010         	movff	btemp+1,??_ISR_TMR0+15
   438  00004A  C015  F011         	movff	btemp+2,??_ISR_TMR0+16
   439  00004E  C016  F012         	movff	btemp+3,??_ISR_TMR0+17
   440                           
   441                           ;main.c: 64: if(INTCONbits.TMR0IF){
   442  000052  A4F2               	btfss	intcon,2,c	;volatile
   443  000054  D007               	goto	i2l48
   444                           
   445                           ;main.c: 65: INTCONbits.TMR0IF=0;
   446  000056  94F2               	bcf	intcon,2,c	;volatile
   447                           
   448                           ;main.c: 66: LATC^=(1<<0);
   449  000058  0E01               	movlw	1
   450  00005A  1A8B               	xorwf	3979,f,c	;volatile
   451                           
   452                           ;main.c: 69: TMR0 = 62411;
   453  00005C  0EF3               	movlw	243
   454  00005E  6ED7               	movwf	4055,c	;volatile
   455  000060  0ECB               	movlw	203
   456  000062  6ED6               	movwf	4054,c	;volatile
   457  000064                     i2l48:
   458  000064  C012  F016         	movff	??_ISR_TMR0+17,btemp+3
   459  000068  C011  F015         	movff	??_ISR_TMR0+16,btemp+2
   460  00006C  C010  F014         	movff	??_ISR_TMR0+15,btemp+1
   461  000070  C00F  F013         	movff	??_ISR_TMR0+14,btemp
   462  000074  C00E  FFF5         	movff	??_ISR_TMR0+13,tablat
   463  000078  C00D  FFF8         	movff	??_ISR_TMR0+12,tblptru
   464  00007C  C00C  FFF7         	movff	??_ISR_TMR0+11,tblptrh
   465  000080  C00B  FFF6         	movff	??_ISR_TMR0+10,tblptrl
   466  000084  C00A  FFF4         	movff	??_ISR_TMR0+9,prodh
   467  000088  C009  FFF3         	movff	??_ISR_TMR0+8,prodl
   468  00008C  C008  FFDA         	movff	??_ISR_TMR0+7,fsr2h
   469  000090  C007  FFD9         	movff	??_ISR_TMR0+6,fsr2l
   470  000094  C006  FFE2         	movff	??_ISR_TMR0+5,fsr1h
   471  000098  C005  FFE1         	movff	??_ISR_TMR0+4,fsr1l
   472  00009C  C004  FFEA         	movff	??_ISR_TMR0+3,fsr0h
   473  0000A0  C003  FFE9         	movff	??_ISR_TMR0+2,fsr0l
   474  0000A4  C002  FFFB         	movff	??_ISR_TMR0+1,pclatu
   475  0000A8  C001  FFFA         	movff	??_ISR_TMR0,pclath
   476  0000AC  9213               	bcf	btemp,1,c	;clear compiler interrupt flag (level 2)
   477  0000AE  0011               	retfie		f
   478  0000B0                     __end_of_ISR_TMR0:
   479                           	opt stack 0
   480  0000                     pclatu	equ	0xFFB
   481                           pclath	equ	0xFFA
   482                           tblptru	equ	0xFF8
   483                           tblptrh	equ	0xFF7
   484                           tblptrl	equ	0xFF6
   485                           tablat	equ	0xFF5
   486                           prodh	equ	0xFF4
   487                           prodl	equ	0xFF3
   488                           intcon	equ	0xFF2
   489                           fsr0h	equ	0xFEA
   490                           fsr0l	equ	0xFE9
   491                           fsr1h	equ	0xFE2
   492                           fsr1l	equ	0xFE1
   493                           fsr2h	equ	0xFDA
   494                           fsr2l	equ	0xFD9
   495                           pclatu	equ	0xFFB
   496                           pclath	equ	0xFFA
   497                           tblptru	equ	0xFF8
   498                           tblptrh	equ	0xFF7
   499                           tblptrl	equ	0xFF6
   500                           tablat	equ	0xFF5
   501                           prodh	equ	0xFF4
   502                           prodl	equ	0xFF3
   503                           intcon	equ	0xFF2
   504                           fsr0h	equ	0xFEA
   505                           fsr0l	equ	0xFE9
   506                           fsr1h	equ	0xFE2
   507                           fsr1l	equ	0xFE1
   508                           fsr2h	equ	0xFDA
   509                           fsr2l	equ	0xFD9
   510                           
   511                           	psect	rparam
   512  0000                     pclatu	equ	0xFFB
   513                           pclath	equ	0xFFA
   514                           tblptru	equ	0xFF8
   515                           tblptrh	equ	0xFF7
   516                           tblptrl	equ	0xFF6
   517                           tablat	equ	0xFF5
   518                           prodh	equ	0xFF4
   519                           prodl	equ	0xFF3
   520                           intcon	equ	0xFF2
   521                           fsr0h	equ	0xFEA
   522                           fsr0l	equ	0xFE9
   523                           fsr1h	equ	0xFE2
   524                           fsr1l	equ	0xFE1
   525                           fsr2h	equ	0xFDA
   526                           fsr2l	equ	0xFD9
   527                           
   528                           	psect	temp
   529  000013                     btemp:
   530                           	opt stack 0
   531  000013                     	ds	1
   532  0000                     int$flags	set	btemp
   533  0000                     wtemp6	set	btemp+1
   534                           pclatu	equ	0xFFB
   535                           pclath	equ	0xFFA
   536                           tblptru	equ	0xFF8
   537                           tblptrh	equ	0xFF7
   538                           tblptrl	equ	0xFF6
   539                           tablat	equ	0xFF5
   540                           prodh	equ	0xFF4
   541                           prodl	equ	0xFF3
   542                           intcon	equ	0xFF2
   543                           fsr0h	equ	0xFEA
   544                           fsr0l	equ	0xFE9
   545                           fsr1h	equ	0xFE2
   546                           fsr1l	equ	0xFE1
   547                           fsr2h	equ	0xFDA
   548                           fsr2l	equ	0xFD9


Data Sizes:
    Strings     0
    Constant    0
    Data        0
    BSS         0
    Persistent  0
    Stack       0

Auto Spaces:
    Space          Size  Autos    Used
    COMRAM           94     18      18
    BANK0           160      0       0
    BANK1           256      0       0
    BANK2           256      0       0
    BANK3           256      0       0
    BANK4           256      0       0
    BANK5           256      0       0
    BANK6           256      0       0
    BANK7           256      0       0

Pointer List with Targets:

    None.

Critical Paths under _main in COMRAM

    None.

Critical Paths under _ISR_TMR0 in COMRAM

    None.

Critical Paths under _main in BANK0

    None.

Critical Paths under _ISR_TMR0 in BANK0

    None.

Critical Paths under _main in BANK1

    None.

Critical Paths under _ISR_TMR0 in BANK1

    None.

Critical Paths under _main in BANK2

    None.

Critical Paths under _ISR_TMR0 in BANK2

    None.

Critical Paths under _main in BANK3

    None.

Critical Paths under _ISR_TMR0 in BANK3

    None.

Critical Paths under _main in BANK4

    None.

Critical Paths under _ISR_TMR0 in BANK4

    None.

Critical Paths under _main in BANK5

    None.

Critical Paths under _ISR_TMR0 in BANK5

    None.

Critical Paths under _main in BANK6

    None.

Critical Paths under _ISR_TMR0 in BANK6

    None.

Critical Paths under _main in BANK7

    None.

Critical Paths under _ISR_TMR0 in BANK7

    None.

Call Graph Tables:

 ---------------------------------------------------------------------------------
 (Depth) Function   	        Calls       Base Space   Used Autos Params    Refs
 ---------------------------------------------------------------------------------
 (0) _main                                                 0     0      0       0
                       _Config_Clock
                        _Config_Port
    _Config_TMR0_16bits_Temporizador
              _Config_TMR0_Interrupt
 ---------------------------------------------------------------------------------
 (1) _Config_TMR0_Interrupt                                0     0      0       0
 ---------------------------------------------------------------------------------
 (1) _Config_TMR0_16bits_Temporizador                      0     0      0       0
 ---------------------------------------------------------------------------------
 (1) _Config_Port                                          0     0      0       0
 ---------------------------------------------------------------------------------
 (1) _Config_Clock                                         0     0      0       0
 ---------------------------------------------------------------------------------
 Estimated maximum stack depth 1
 ---------------------------------------------------------------------------------
 (Depth) Function   	        Calls       Base Space   Used Autos Params    Refs
 ---------------------------------------------------------------------------------
 (2) _ISR_TMR0                                            18    18      0       0
                                              0 COMRAM    18    18      0
 ---------------------------------------------------------------------------------
 Estimated maximum stack depth 2
 ---------------------------------------------------------------------------------

 Call Graph Graphs:

 _main (ROOT)
   _Config_Clock
   _Config_Port
   _Config_TMR0_16bits_Temporizador
   _Config_TMR0_Interrupt

 _ISR_TMR0 (ROOT)

 Address spaces:
Name               Size   Autos  Total    Cost      Usage
BITCOMRAM           5E      0       0       0        0.0%
EEDATA             100      0       0       0        0.0%
NULL                 0      0       0       0        0.0%
CODE                 0      0       0       0        0.0%
COMRAM              5E     12      12       1       19.1%
STACK                0      0       0       2        0.0%
DATA                 0      0       0       3        0.0%
BITBANK0            A0      0       0       4        0.0%
BANK0               A0      0       0       5        0.0%
ABS                  0      0       0       6        0.0%
BITBANK1           100      0       0       7        0.0%
BANK1              100      0       0       8        0.0%
BITBANK2           100      0       0       9        0.0%
BANK2              100      0       0      10        0.0%
BITBANK3           100      0       0      11        0.0%
BANK3              100      0       0      12        0.0%
BITBANK4           100      0       0      13        0.0%
BANK4              100      0       0      14        0.0%
BITBANK5           100      0       0      15        0.0%
BANK5              100      0       0      16        0.0%
BITBANK6           100      0       0      17        0.0%
BANK6              100      0       0      18        0.0%
BITBANK7           100      0       0      19        0.0%
BANK7              100      0       0      20        0.0%
BIGRAM             7FF      0       0      21        0.0%
BITSFR_1             0      0       0     200        0.0%
SFR_1                0      0       0     200        0.0%
BITSFR               0      0       0     200        0.0%
SFR                  0      0       0     200        0.0%


Microchip Technology PIC18 Macro Assembler V1.45 build -152302408 
Symbol Table                                                                                   Sun Jul 10 15:49:17 2022

                                      l31 00E0                              __CFG_CP0$OFF 000000  
                            __CFG_CP1$OFF 000000                              __CFG_CP2$OFF 000000  
                            __CFG_CP3$OFF 000000                              __CFG_CPB$OFF 000000  
                            __CFG_CPD$OFF 000000                              __CFG_LVP$OFF 000000  
                                    _LATC 000F8B                                      i2l48 0064  
                                    _TMR0 000FD6                                      _main 00D0  
                                    fsr0h 000FEA                                      fsr1h 000FE2  
                                    fsr2h 000FDA                                      fsr0l 000FE9  
                                    fsr1l 000FE1                                      fsr2l 000FD9  
                                    btemp 0013                             __CFG_BORV$190 000000  
                                    prodh 000FF4                                      prodl 000FF3  
                                    start 00B0                             __CFG_IESO$OFF 000000  
                            ___param_bank 000000                       __end_of_Config_Port 00F2  
                                   ?_main 0001                          __end_of_ISR_TMR0 00B0  
                           __CFG_WRT0$OFF 000000                             __CFG_WRT1$OFF 000000  
                           __CFG_WRT2$OFF 000000                             __CFG_WRT3$OFF 000000  
                          __CFG_EBTR0$OFF 000000                            __CFG_FCMEN$OFF 000000  
                          __CFG_EBTR1$OFF 000000                            __CFG_EBTR2$OFF 000000  
                          __CFG_EBTR3$OFF 000000                             __CFG_WRTB$OFF 000000  
                           __CFG_WRTC$OFF 000000                             __CFG_WRTD$OFF 000000  
                          __CFG_EBTRB$OFF 000000                                     pclath 000FFA  
                                   tablat 000FF5                            __CFG_T3CMX$RC0 000000  
                                   wtemp6 0014                            __CFG_ICPRT$OFF 000000  
                          __CFG_PBADEN$ON 000000                            __CFG_MCLRE$OFF 000000  
                         __initialization 0102                      __end_of_Config_Clock 0102  
                            __end_of_main 00E2                            __CFG_PCLKEN$ON 000000  
                                  ??_main 0013                             __activetblptr 000000  
                          __CFG_SDOMX$RB3 000000                           __CFG_CCP2MX$RC1 000000  
                                  _ANSELD 000F5E                            __CFG_WDTEN$OFF 000000  
                                  _SLRCON 000F7A                               _Config_Port 00E2  
                          __CFG_XINST$OFF 000000            __size_of_Config_TMR0_Interrupt 000A  
           __end_of_Config_TMR0_Interrupt 0116                            __CFG_STVREN$ON 000000  
                                  tblptrh 000FF7                                    tblptrl 000FF6  
                                  tblptru 000FF8                      __CFG_LS48MHZ$SYS24X4 000000  
                              __accesstop 0060                   __end_of__initialization 0102  
                           ___rparam_used 000001                                 ?_ISR_TMR0 0001  
                          __pcstackCOMRAM 0001                     __size_of_Config_Clock 0010  
                              ??_ISR_TMR0 0001                         __CFG_PLLSEL$PLL4X 000000  
                            _Config_Clock 00F2                                   __Hparam 0000  
                                 __Lparam 0000                                   __pcinit 0102  
                                 __ramtop 0800                                   __ptext0 00D0  
                                 __ptext1 010C                                   __ptext2 00B4  
                                 __ptext3 00E2                                   __ptext4 00F2  
                               _T0CONbits 000FD5                      end_of_initialization 0102  
                            ?_Config_Port 0001                                 _TRISCbits 000F94  
                       __size_of_ISR_TMR0 00A8                     _Config_TMR0_Interrupt 010C  
                     start_initialization 0102                           __CFG_nLPBOR$OFF 000000  
                         __CFG_nPWRTEN$ON 000000                      __size_of_Config_Port 0010  
                               __pintcode 0008                    ?_Config_TMR0_Interrupt 0001  
                                _LATCbits 000F8B                                  _LATDbits 000F8C  
                                _ISR_TMR0 0008                          __CFG_WDTPS$32768 000000  
                       __CFG_CFGPLLEN$OFF 000000                                  __Hrparam 0000  
                                __Lrparam 0000                        __CFG_BOREN$SBORDIS 000000  
                           __size_of_main 0012   __end_of_Config_TMR0_16bits_Temporizador 00D0  
__size_of_Config_TMR0_16bits_Temporizador 001C         ??_Config_TMR0_16bits_Temporizador 0013  
        ?_Config_TMR0_16bits_Temporizador 0001           _Config_TMR0_16bits_Temporizador 00B4  
                                int$flags 0013                                _INTCONbits 000FF2  
                           ?_Config_Clock 0001                                  intlevel2 0000  
                              _OSCCONbits 000FD3                   ??_Config_TMR0_Interrupt 0013  
                    __CFG_CPUDIV$NOCLKDIV 000000                            ??_Config_Clock 0013  
                      __CFG_FOSC$INTOSCIO 000000                             ??_Config_Port 0013  
