

Microchip MPLAB XC8 Assembler V2.36 build 20220127204148 
                                                                                               Sun Jul 10 20:11:54 2022

Microchip MPLAB XC8 C Compiler v2.36 (Free license) build 20220127204148 Og1 
     1                           	processor	18F45K50
     2                           	fnconf	rparam,??,?,0
     3                           	pagewidth 120
     4                           	opt	flic
     5                           	psect	idataCOMRAM,global,class=CODE,delta=1,noexec
     6                           	psect	cinit,global,reloc=2,class=CODE,delta=1
     7                           	psect	bssCOMRAM,global,class=COMRAM,space=1,delta=1,lowdata,noexec
     8                           	psect	dataCOMRAM,global,class=COMRAM,space=1,delta=1,lowdata,noexec
     9                           	psect	cstackCOMRAM,global,class=COMRAM,space=1,delta=1,lowdata,noexec
    10                           	psect	text0,global,reloc=2,class=CODE,delta=1
    11                           	psect	text1,global,reloc=2,class=CODE,delta=1
    12                           	psect	text2,global,reloc=2,class=CODE,delta=1,group=1
    13                           	psect	text3,global,reloc=2,class=CODE,delta=1,group=1
    14                           	psect	text4,global,reloc=2,class=CODE,delta=1
    15                           	psect	text5,global,reloc=2,class=CODE,delta=1
    16                           	psect	text6,global,reloc=2,class=CODE,delta=1
    17                           	psect	text7,global,reloc=2,class=CODE,delta=1
    18                           	psect	intcode,global,reloc=2,class=CODE,delta=1
    19                           	psect	intsave_regs,global,class=BIGRAM,space=1,delta=1,noexec
    20                           	psect	rparam,global,class=COMRAM,space=1,delta=1,noexec
    21                           	psect	temp,global,ovrld,common,class=COMRAM,space=1,delta=1
    22                           	psect	idloc,global,abs,ovrld,class=IDLOC,space=5,delta=1,noexec
    23                           	psect	config,global,abs,ovrld,class=CONFIG,space=4,delta=1,noexec
    24  0000                     
    25                           ; Version 2.35
    26                           ; Generated 05/05/2021 GMT
    27                           ; 
    28                           ; Copyright © 2021, Microchip Technology Inc. and its subsidiaries ("Microchip")
    29                           ; All rights reserved.
    30                           ; 
    31                           ; This software is developed by Microchip Technology Inc. and its subsidiaries ("Microch
      +                          ip").
    32                           ; 
    33                           ; Redistribution and use in source and binary forms, with or without modification, are
    34                           ; permitted provided that the following conditions are met:
    35                           ; 
    36                           ;     1. Redistributions of source code must retain the above copyright notice, this lis
      +                          t of
    37                           ;        conditions and the following disclaimer.
    38                           ; 
    39                           ;     2. Redistributions in binary form must reproduce the above copyright notice, this 
      +                          list
    40                           ;        of conditions and the following disclaimer in the documentation and/or other
    41                           ;        materials provided with the distribution. Publication is not required when
    42                           ;        this file is used in an embedded application.
    43                           ; 
    44                           ;     3. Microchip's name may not be used to endorse or promote products derived from th
      +                          is
    45                           ;        software without specific prior written permission.
    46                           ; 
    47                           ; THIS SOFTWARE IS PROVIDED BY MICROCHIP "AS IS" AND ANY EXPRESS OR IMPLIED WARRANTIES,
    48                           ; INCLUDING, BUT NOT LIMITED TO, THE IMPLIED WARRANTIES OF MERCHANTABILITY AND FITNESS F
      +                          OR
    49                           ; PURPOSE ARE DISCLAIMED.  IN NO EVENT SHALL MICROCHIP BE LIABLE FOR ANY DIRECT, INDIREC
      +                          T,
    50                           ; INCIDENTAL, SPECIAL, EXEMPLARY, OR CONSEQUENTIAL DAMAGES (INCLUDING BUT NOT LIMITED TO
    51                           ; PROCUREMENT OF SUBSTITUTE GOODS OR SERVICES; LOSS OF USE, DATA OR PROFITS; OR BUSINESS
    52                           ; INTERRUPTION) HOWSOEVER CAUSED AND ON ANY THEORY OF LIABILITY, WHETHER IN CONTRACT, ST
      +                          RICT
    53                           ; LIABILITY, OR TORT (INCLUDING NEGLIGENCE OR OTHERWISE) ARISING IN ANY WAY OUT OF THE U
      +                          SE OF
    54                           ; THIS SOFTWARE, EVEN IF ADVISED OF THE POSSIBILITY OF SUCH DAMAGE.
    55                           ; 
    56                           ; 
    57                           ; Code-generator required, PIC18F45K50 Definitions
    58                           ; 
    59                           ; SFR Addresses
    60  0000                     
    61                           	psect	idataCOMRAM
    62  00036A                     __pidataCOMRAM:
    63                           	callstack 0
    64                           
    65                           ;initializer for _display_anodo
    66  00036A  C0                 	db	192
    67  00036B  F9                 	db	249
    68  00036C  A4                 	db	164
    69  00036D  B0                 	db	176
    70  00036E  99                 	db	153
    71  00036F  92                 	db	146
    72  000370  82                 	db	130
    73  000371  F8                 	db	248
    74  000372  80                 	db	128
    75  000373  90                 	db	144
    76  0000                     _INTCON2bits	set	4081
    77  0000                     _LATAbits	set	3977
    78  0000                     _ANSELAbits	set	3931
    79  0000                     _ANSELD	set	3934
    80  0000                     _SLRCON	set	3962
    81  0000                     _LATA	set	3977
    82  0000                     _LATD	set	3980
    83  0000                     _OSCCONbits	set	4051
    84  0000                     _T0CONbits	set	4053
    85  0000                     _TMR0	set	4054
    86  0000                     _INTCON3bits	set	4080
    87  0000                     _INTCONbits	set	4082
    88  0000                     _TRISAbits	set	3986
    89  0000                     _TRISD	set	3989
    90  0000                     _ANSELBbits	set	3932
    91                           
    92                           ; #config settings
    93                           
    94                           	psect	cinit
    95  0002C8                     __pcinit:
    96                           	callstack 0
    97  0002C8                     start_initialization:
    98                           	callstack 0
    99  0002C8                     __initialization:
   100                           	callstack 0
   101                           
   102                           ; Initialize objects allocated to COMRAM (10 bytes)
   103                           ; load TBLPTR registers with __pidataCOMRAM
   104  0002C8  0E6A               	movlw	low __pidataCOMRAM
   105  0002CA  6EF6               	movwf	tblptrl,c
   106  0002CC  0E03               	movlw	high __pidataCOMRAM
   107  0002CE  6EF7               	movwf	tblptrh,c
   108  0002D0  0E00               	movlw	low (__pidataCOMRAM shr (0+16))
   109  0002D2  6EF8               	movwf	tblptru,c
   110  0002D4  EE00  F011         	lfsr	0,__pdataCOMRAM
   111  0002D8  EE10 F00A          	lfsr	1,10
   112  0002DC                     copy_data0:
   113  0002DC  0009               	tblrd		*+
   114  0002DE  CFF5 FFEE          	movff	tablat,postinc0
   115  0002E2  50E5               	movf	postdec1,w,c
   116  0002E4  50E1               	movf	fsr1l,w,c
   117  0002E6  E1FA               	bnz	copy_data0
   118                           
   119                           ; Clear objects allocated to COMRAM (8 bytes)
   120  0002E8  EE00  F01B         	lfsr	0,__pbssCOMRAM
   121  0002EC  0E08               	movlw	8
   122  0002EE                     clear_0:
   123  0002EE  6AEE               	clrf	postinc0,c
   124  0002F0  06E8               	decf	wreg,f,c
   125  0002F2  E1FD               	bnz	clear_0
   126  0002F4                     end_of_initialization:
   127                           	callstack 0
   128  0002F4                     __end_of__initialization:
   129                           	callstack 0
   130  0002F4  9023               	bcf	int$flags,0,c	;clear compiler interrupt flag (level 1)
   131  0002F6  9223               	bcf	int$flags,1,c	;clear compiler interrupt flag (level 2)
   132  0002F8  0100               	movlb	0
   133  0002FA  EFB8  F000         	goto	_main	;jump to C main() function
   134                           
   135                           	psect	bssCOMRAM
   136  00001B                     __pbssCOMRAM:
   137                           	callstack 0
   138  00001B                     _cuenta:
   139                           	callstack 0
   140  00001B                     	ds	2
   141  00001D                     _estado2:
   142                           	callstack 0
   143  00001D                     	ds	1
   144  00001E                     _estado1:
   145                           	callstack 0
   146  00001E                     	ds	1
   147  00001F                     _miles:
   148                           	callstack 0
   149  00001F                     	ds	1
   150  000020                     _centenas:
   151                           	callstack 0
   152  000020                     	ds	1
   153  000021                     _decenas:
   154                           	callstack 0
   155  000021                     	ds	1
   156  000022                     _unidades:
   157                           	callstack 0
   158  000022                     	ds	1
   159                           
   160                           	psect	dataCOMRAM
   161  000011                     __pdataCOMRAM:
   162                           	callstack 0
   163  000011                     _display_anodo:
   164                           	callstack 0
   165  000011                     	ds	10
   166                           
   167                           	psect	cstackCOMRAM
   168  000001                     __pcstackCOMRAM:
   169                           	callstack 0
   170  000001                     ?___lwdiv:
   171                           	callstack 0
   172  000001                     ___lwdiv@dividend:
   173                           	callstack 0
   174                           
   175                           ; 2 bytes @ 0x0
   176  000001                     	ds	2
   177  000003                     ___lwdiv@divisor:
   178                           	callstack 0
   179                           
   180                           ; 2 bytes @ 0x2
   181  000003                     	ds	2
   182  000005                     ___lwdiv@quotient:
   183                           	callstack 0
   184                           
   185                           ; 2 bytes @ 0x4
   186  000005                     	ds	2
   187  000007                     ___lwdiv@counter:
   188                           	callstack 0
   189                           
   190                           ; 1 bytes @ 0x6
   191  000007                     	ds	1
   192  000008                     ?___lwmod:
   193                           	callstack 0
   194  000008                     ___lwmod@dividend:
   195                           	callstack 0
   196                           
   197                           ; 2 bytes @ 0x7
   198  000008                     	ds	2
   199  00000A                     ___lwmod@divisor:
   200                           	callstack 0
   201                           
   202                           ; 2 bytes @ 0x9
   203  00000A                     	ds	2
   204  00000C                     ___lwmod@counter:
   205                           	callstack 0
   206                           
   207                           ; 1 bytes @ 0xB
   208  00000C                     	ds	1
   209  00000D                     Imprimir_display@dato:
   210                           	callstack 0
   211                           
   212                           ; 2 bytes @ 0xC
   213  00000D                     	ds	2
   214  00000F                     ??_Imprimir_display:
   215                           
   216                           ; 1 bytes @ 0xE
   217  00000F                     	ds	1
   218  000010                     ??_main:
   219                           
   220                           ; 1 bytes @ 0xF
   221  000010                     	ds	1
   222                           
   223 ;;
   224 ;;Main: autosize = 0, tempsize = 1, incstack = 0, save=0
   225 ;;
   226 ;; *************** function _main *****************
   227 ;; Defined at:
   228 ;;		line 38 in file "main.c"
   229 ;; Parameters:    Size  Location     Type
   230 ;;		None
   231 ;; Auto vars:     Size  Location     Type
   232 ;;		None
   233 ;; Return value:  Size  Location     Type
   234 ;;                  1    wreg      void 
   235 ;; Registers used:
   236 ;;		wreg, fsr2l, fsr2h, status,2, status,0, cstack
   237 ;; Tracked objects:
   238 ;;		On entry : 0/0
   239 ;;		On exit  : 0/0
   240 ;;		Unchanged: 0/0
   241 ;; Data sizes:     COMRAM   BANK0   BANK1   BANK2   BANK3   BANK4   BANK5   BANK6   BANK7
   242 ;;      Params:         0       0       0       0       0       0       0       0       0
   243 ;;      Locals:         0       0       0       0       0       0       0       0       0
   244 ;;      Temps:          1       0       0       0       0       0       0       0       0
   245 ;;      Totals:         1       0       0       0       0       0       0       0       0
   246 ;;Total ram usage:        1 bytes
   247 ;; Hardware stack levels required when called: 3
   248 ;; This function calls:
   249 ;;		_Config_Clock
   250 ;;		_Config_Port
   251 ;;		_Config_TMR0_INT0_INT1_Interrupt
   252 ;;		_Config_TMR0_Temp
   253 ;;		_Imprimir_display
   254 ;; This function is called by:
   255 ;;		Startup code after reset
   256 ;; This function uses a non-reentrant model
   257 ;;
   258                           
   259                           	psect	text0
   260  000170                     __ptext0:
   261                           	callstack 0
   262  000170                     _main:
   263                           	callstack 28
   264  000170                     
   265                           ;main.c: 40:     Config_Clock();
   266  000170  ECAE  F001         	call	_Config_Clock	;wreg free
   267                           
   268                           ;main.c: 41:     Config_Port();
   269  000174  EC7F  F001         	call	_Config_Port	;wreg free
   270  000178                     
   271                           ;main.c: 43:     Config_TMR0_INT0_INT1_Interrupt();
   272  000178  ECA3  F001         	call	_Config_TMR0_INT0_INT1_Interrupt	;wreg free
   273  00017C                     
   274                           ;main.c: 44:     Config_TMR0_Temp();
   275  00017C  EC95  F001         	call	_Config_TMR0_Temp	;wreg free
   276  000180                     l989:
   277                           
   278                           ;main.c: 49:         if(estado1){
   279  000180  501E               	movf	_estado1^0,w,c
   280  000182  B4D8               	btfsc	status,2,c
   281  000184  EFC6  F000         	goto	u191
   282  000188  EFC8  F000         	goto	u190
   283  00018C                     u191:
   284  00018C  EFE0  F000         	goto	l997
   285  000190                     u190:
   286  000190                     
   287                           ;main.c: 50:             T0CONbits.TMR0ON = ~(T0CONbits.TMR0ON);
   288  000190  BED5               	btfsc	213,7,c	;volatile
   289  000192  EFCD  F000         	goto	u201
   290  000196  EFD0  F000         	goto	u200
   291  00019A                     u201:
   292  00019A  0E01               	movlw	1
   293  00019C  EFD1  F000         	goto	u206
   294  0001A0                     u200:
   295  0001A0  0E00               	movlw	0
   296  0001A2                     u206:
   297  0001A2  0AFF               	xorlw	255
   298  0001A4  6E10               	movwf	??_main^0,c
   299  0001A6  3210               	rrcf	??_main^0,f,c
   300  0001A8  3210               	rrcf	??_main^0,f,c
   301  0001AA  50D5               	movf	213,w,c	;volatile
   302  0001AC  1810               	xorwf	??_main^0,w,c
   303  0001AE  0B7F               	andlw	-129
   304  0001B0  1810               	xorwf	??_main^0,w,c
   305  0001B2  6ED5               	movwf	213,c	;volatile
   306  0001B4                     
   307                           ;main.c: 51:             TMR0=62411;
   308  0001B4  0EF3               	movlw	243
   309  0001B6  6ED7               	movwf	215,c	;volatile
   310  0001B8  0ECB               	movlw	203
   311  0001BA  6ED6               	movwf	214,c	;volatile
   312  0001BC                     
   313                           ;main.c: 52:             estado1=0;
   314  0001BC  0E00               	movlw	0
   315  0001BE  6E1E               	movwf	_estado1^0,c
   316  0001C0                     l997:
   317                           
   318                           ;main.c: 54:         if(estado2){
   319  0001C0  501D               	movf	_estado2^0,w,c
   320  0001C2  B4D8               	btfsc	status,2,c
   321  0001C4  EFE6  F000         	goto	u211
   322  0001C8  EFE8  F000         	goto	u210
   323  0001CC                     u211:
   324  0001CC  EFEE  F000         	goto	l1001
   325  0001D0                     u210:
   326  0001D0                     
   327                           ;main.c: 55:             cuenta=0;
   328  0001D0  0E00               	movlw	0
   329  0001D2  6E1C               	movwf	(_cuenta+1)^0,c
   330  0001D4  0E00               	movlw	0
   331  0001D6  6E1B               	movwf	_cuenta^0,c
   332                           
   333                           ;main.c: 56:             estado2=0;
   334  0001D8  0E00               	movlw	0
   335  0001DA  6E1D               	movwf	_estado2^0,c
   336  0001DC                     l1001:
   337                           
   338                           ;main.c: 58:         Imprimir_display(cuenta);
   339  0001DC  C01B  F00D         	movff	_cuenta,Imprimir_display@dato
   340  0001E0  C01C  F00E         	movff	_cuenta+1,Imprimir_display@dato+1
   341  0001E4  EC2B  F000         	call	_Imprimir_display	;wreg free
   342  0001E8  EFC0  F000         	goto	l989
   343  0001EC  EF29  F000         	goto	start
   344  0001F0                     __end_of_main:
   345                           	callstack 0
   346                           
   347 ;; *************** function _Imprimir_display *****************
   348 ;; Defined at:
   349 ;;		line 116 in file "main.c"
   350 ;; Parameters:    Size  Location     Type
   351 ;;  dato            2   12[COMRAM] unsigned short 
   352 ;; Auto vars:     Size  Location     Type
   353 ;;		None
   354 ;; Return value:  Size  Location     Type
   355 ;;                  1    wreg      void 
   356 ;; Registers used:
   357 ;;		wreg, fsr2l, fsr2h, status,2, status,0, cstack
   358 ;; Tracked objects:
   359 ;;		On entry : 0/0
   360 ;;		On exit  : 0/0
   361 ;;		Unchanged: 0/0
   362 ;; Data sizes:     COMRAM   BANK0   BANK1   BANK2   BANK3   BANK4   BANK5   BANK6   BANK7
   363 ;;      Params:         2       0       0       0       0       0       0       0       0
   364 ;;      Locals:         0       0       0       0       0       0       0       0       0
   365 ;;      Temps:          1       0       0       0       0       0       0       0       0
   366 ;;      Totals:         3       0       0       0       0       0       0       0       0
   367 ;;Total ram usage:        3 bytes
   368 ;; Hardware stack levels used: 1
   369 ;; Hardware stack levels required when called: 2
   370 ;; This function calls:
   371 ;;		___lwdiv
   372 ;;		___lwmod
   373 ;; This function is called by:
   374 ;;		_main
   375 ;; This function uses a non-reentrant model
   376 ;;
   377                           
   378                           	psect	text1
   379  000056                     __ptext1:
   380                           	callstack 0
   381  000056                     _Imprimir_display:
   382                           	callstack 28
   383  000056                     
   384                           ;main.c: 116: void Imprimir_display(uint16_t dato);main.c: 117: {;main.c: 118:     unida
      +                          des=dato%10;
   385  000056  C00D  F008         	movff	Imprimir_display@dato,___lwmod@dividend
   386  00005A  C00E  F009         	movff	Imprimir_display@dato+1,___lwmod@dividend+1
   387  00005E  0E00               	movlw	0
   388  000060  6E0B               	movwf	(___lwmod@divisor+1)^0,c
   389  000062  0E0A               	movlw	10
   390  000064  6E0A               	movwf	___lwmod@divisor^0,c
   391  000066  EC32  F001         	call	___lwmod	;wreg free
   392  00006A  5008               	movf	?___lwmod^0,w,c
   393  00006C  6E22               	movwf	_unidades^0,c
   394                           
   395                           ;main.c: 119:     decenas=(dato/10)%10;
   396  00006E  0E00               	movlw	0
   397  000070  6E04               	movwf	(___lwdiv@divisor+1)^0,c
   398  000072  0E0A               	movlw	10
   399  000074  6E03               	movwf	___lwdiv@divisor^0,c
   400  000076  C00D  F001         	movff	Imprimir_display@dato,___lwdiv@dividend
   401  00007A  C00E  F002         	movff	Imprimir_display@dato+1,___lwdiv@dividend+1
   402  00007E  ECF8  F000         	call	___lwdiv	;wreg free
   403  000082  C001  F008         	movff	?___lwdiv,___lwmod@dividend
   404  000086  C002  F009         	movff	?___lwdiv+1,___lwmod@dividend+1
   405  00008A  0E00               	movlw	0
   406  00008C  6E0B               	movwf	(___lwmod@divisor+1)^0,c
   407  00008E  0E0A               	movlw	10
   408  000090  6E0A               	movwf	___lwmod@divisor^0,c
   409  000092  EC32  F001         	call	___lwmod	;wreg free
   410  000096  5008               	movf	?___lwmod^0,w,c
   411  000098  6E21               	movwf	_decenas^0,c
   412                           
   413                           ;main.c: 120:     centenas=(dato/100)%10;
   414  00009A  0E00               	movlw	0
   415  00009C  6E04               	movwf	(___lwdiv@divisor+1)^0,c
   416  00009E  0E64               	movlw	100
   417  0000A0  6E03               	movwf	___lwdiv@divisor^0,c
   418  0000A2  C00D  F001         	movff	Imprimir_display@dato,___lwdiv@dividend
   419  0000A6  C00E  F002         	movff	Imprimir_display@dato+1,___lwdiv@dividend+1
   420  0000AA  ECF8  F000         	call	___lwdiv	;wreg free
   421  0000AE  C001  F008         	movff	?___lwdiv,___lwmod@dividend
   422  0000B2  C002  F009         	movff	?___lwdiv+1,___lwmod@dividend+1
   423  0000B6  0E00               	movlw	0
   424  0000B8  6E0B               	movwf	(___lwmod@divisor+1)^0,c
   425  0000BA  0E0A               	movlw	10
   426  0000BC  6E0A               	movwf	___lwmod@divisor^0,c
   427  0000BE  EC32  F001         	call	___lwmod	;wreg free
   428  0000C2  5008               	movf	?___lwmod^0,w,c
   429  0000C4  6E20               	movwf	_centenas^0,c
   430                           
   431                           ;main.c: 121:     miles=(dato/1000);
   432  0000C6  C00D  F001         	movff	Imprimir_display@dato,___lwdiv@dividend
   433  0000CA  C00E  F002         	movff	Imprimir_display@dato+1,___lwdiv@dividend+1
   434  0000CE  0E03               	movlw	3
   435  0000D0  6E04               	movwf	(___lwdiv@divisor+1)^0,c
   436  0000D2  0EE8               	movlw	232
   437  0000D4  6E03               	movwf	___lwdiv@divisor^0,c
   438  0000D6  ECF8  F000         	call	___lwdiv	;wreg free
   439  0000DA  5001               	movf	?___lwdiv^0,w,c
   440  0000DC  6E1F               	movwf	_miles^0,c
   441  0000DE                     
   442                           ;main.c: 124:     LATD=display_anodo[unidades];
   443  0000DE  0E11               	movlw	low _display_anodo
   444  0000E0  2422               	addwf	_unidades^0,w,c
   445  0000E2  6ED9               	movwf	fsr2l,c
   446  0000E4  6ADA               	clrf	fsr2h,c
   447  0000E6  0E00               	movlw	high _display_anodo
   448  0000E8  22DA               	addwfc	fsr2h,f,c
   449  0000EA  50DF               	movf	indf2,w,c
   450  0000EC  6E8C               	movwf	140,c	;volatile
   451  0000EE                     
   452                           ;main.c: 125:     LATAbits.LATA3=0;
   453  0000EE  9689               	bcf	137,3,c	;volatile
   454  0000F0                     
   455                           ;main.c: 126:     _delay((unsigned long)((2)*(16000000UL/4000.0)));
   456  0000F0  0E0B               	movlw	11
   457  0000F2  6E0F               	movwf	??_Imprimir_display^0,c
   458  0000F4  0E62               	movlw	98
   459  0000F6                     u227:
   460  0000F6  2EE8               	decfsz	wreg,f,c
   461  0000F8  D7FE               	bra	u227
   462  0000FA  2E0F               	decfsz	??_Imprimir_display^0,f,c
   463  0000FC  D7FC               	bra	u227
   464  0000FE  D000               	nop2	
   465  000100                     
   466                           ;main.c: 127:     LATAbits.LATA3=1;
   467  000100  8689               	bsf	137,3,c	;volatile
   468  000102                     
   469                           ;main.c: 130:     LATD=display_anodo[decenas];
   470  000102  0E11               	movlw	low _display_anodo
   471  000104  2421               	addwf	_decenas^0,w,c
   472  000106  6ED9               	movwf	fsr2l,c
   473  000108  6ADA               	clrf	fsr2h,c
   474  00010A  0E00               	movlw	high _display_anodo
   475  00010C  22DA               	addwfc	fsr2h,f,c
   476  00010E  50DF               	movf	indf2,w,c
   477  000110  6E8C               	movwf	140,c	;volatile
   478  000112                     
   479                           ;main.c: 131:     LATAbits.LATA2=0;
   480  000112  9489               	bcf	137,2,c	;volatile
   481  000114                     
   482                           ;main.c: 132:     _delay((unsigned long)((2)*(16000000UL/4000.0)));
   483  000114  0E0B               	movlw	11
   484  000116  6E0F               	movwf	??_Imprimir_display^0,c
   485  000118  0E62               	movlw	98
   486  00011A                     u237:
   487  00011A  2EE8               	decfsz	wreg,f,c
   488  00011C  D7FE               	bra	u237
   489  00011E  2E0F               	decfsz	??_Imprimir_display^0,f,c
   490  000120  D7FC               	bra	u237
   491  000122  D000               	nop2	
   492  000124                     
   493                           ;main.c: 133:     LATAbits.LATA2=1;
   494  000124  8489               	bsf	137,2,c	;volatile
   495  000126                     
   496                           ;main.c: 136:     LATD=display_anodo[centenas];
   497  000126  0E11               	movlw	low _display_anodo
   498  000128  2420               	addwf	_centenas^0,w,c
   499  00012A  6ED9               	movwf	fsr2l,c
   500  00012C  6ADA               	clrf	fsr2h,c
   501  00012E  0E00               	movlw	high _display_anodo
   502  000130  22DA               	addwfc	fsr2h,f,c
   503  000132  50DF               	movf	indf2,w,c
   504  000134  6E8C               	movwf	140,c	;volatile
   505  000136                     
   506                           ;main.c: 137:     LATAbits.LATA1=0;
   507  000136  9289               	bcf	137,1,c	;volatile
   508  000138                     
   509                           ;main.c: 138:     _delay((unsigned long)((2)*(16000000UL/4000.0)));
   510  000138  0E0B               	movlw	11
   511  00013A  6E0F               	movwf	??_Imprimir_display^0,c
   512  00013C  0E62               	movlw	98
   513  00013E                     u247:
   514  00013E  2EE8               	decfsz	wreg,f,c
   515  000140  D7FE               	bra	u247
   516  000142  2E0F               	decfsz	??_Imprimir_display^0,f,c
   517  000144  D7FC               	bra	u247
   518  000146  D000               	nop2	
   519  000148                     
   520                           ;main.c: 139:     LATAbits.LATA1=1;
   521  000148  8289               	bsf	137,1,c	;volatile
   522  00014A                     
   523                           ;main.c: 142:     LATD=display_anodo[miles];
   524  00014A  0E11               	movlw	low _display_anodo
   525  00014C  241F               	addwf	_miles^0,w,c
   526  00014E  6ED9               	movwf	fsr2l,c
   527  000150  6ADA               	clrf	fsr2h,c
   528  000152  0E00               	movlw	high _display_anodo
   529  000154  22DA               	addwfc	fsr2h,f,c
   530  000156  50DF               	movf	indf2,w,c
   531  000158  6E8C               	movwf	140,c	;volatile
   532  00015A                     
   533                           ;main.c: 143:     LATAbits.LATA0=0;
   534  00015A  9089               	bcf	137,0,c	;volatile
   535  00015C                     
   536                           ;main.c: 144:     _delay((unsigned long)((2)*(16000000UL/4000.0)));
   537  00015C  0E0B               	movlw	11
   538  00015E  6E0F               	movwf	??_Imprimir_display^0,c
   539  000160  0E62               	movlw	98
   540  000162                     u257:
   541  000162  2EE8               	decfsz	wreg,f,c
   542  000164  D7FE               	bra	u257
   543  000166  2E0F               	decfsz	??_Imprimir_display^0,f,c
   544  000168  D7FC               	bra	u257
   545  00016A  D000               	nop2	
   546  00016C                     
   547                           ;main.c: 145:     LATAbits.LATA0=1;
   548  00016C  8089               	bsf	137,0,c	;volatile
   549  00016E  0012               	return		;funcret
   550  000170                     __end_of_Imprimir_display:
   551                           	callstack 0
   552                           
   553 ;; *************** function ___lwmod *****************
   554 ;; Defined at:
   555 ;;		line 7 in file "C:\Program Files\Microchip\xc8\v2.36\pic\sources\c99\common\lwmod.c"
   556 ;; Parameters:    Size  Location     Type
   557 ;;  dividend        2    7[COMRAM] unsigned int 
   558 ;;  divisor         2    9[COMRAM] unsigned int 
   559 ;; Auto vars:     Size  Location     Type
   560 ;;  counter         1   11[COMRAM] unsigned char 
   561 ;; Return value:  Size  Location     Type
   562 ;;                  2    7[COMRAM] unsigned int 
   563 ;; Registers used:
   564 ;;		wreg, status,2, status,0
   565 ;; Tracked objects:
   566 ;;		On entry : 0/0
   567 ;;		On exit  : 0/0
   568 ;;		Unchanged: 0/0
   569 ;; Data sizes:     COMRAM   BANK0   BANK1   BANK2   BANK3   BANK4   BANK5   BANK6   BANK7
   570 ;;      Params:         4       0       0       0       0       0       0       0       0
   571 ;;      Locals:         1       0       0       0       0       0       0       0       0
   572 ;;      Temps:          0       0       0       0       0       0       0       0       0
   573 ;;      Totals:         5       0       0       0       0       0       0       0       0
   574 ;;Total ram usage:        5 bytes
   575 ;; Hardware stack levels used: 1
   576 ;; Hardware stack levels required when called: 1
   577 ;; This function calls:
   578 ;;		Nothing
   579 ;; This function is called by:
   580 ;;		_Imprimir_display
   581 ;; This function uses a non-reentrant model
   582 ;;
   583                           
   584                           	psect	text2
   585  000264                     __ptext2:
   586                           	callstack 0
   587  000264                     ___lwmod:
   588                           	callstack 28
   589  000264  500A               	movf	___lwmod@divisor^0,w,c
   590  000266  100B               	iorwf	(___lwmod@divisor+1)^0,w,c
   591  000268  B4D8               	btfsc	status,2,c
   592  00026A  EF39  F001         	goto	u161
   593  00026E  EF3B  F001         	goto	u160
   594  000272                     u161:
   595  000272  EF5F  F001         	goto	l595
   596  000276                     u160:
   597  000276  0E01               	movlw	1
   598  000278  6E0C               	movwf	___lwmod@counter^0,c
   599  00027A  EF43  F001         	goto	l939
   600  00027E                     l937:
   601  00027E  90D8               	bcf	status,0,c
   602  000280  360A               	rlcf	___lwmod@divisor^0,f,c
   603  000282  360B               	rlcf	(___lwmod@divisor+1)^0,f,c
   604  000284  2A0C               	incf	___lwmod@counter^0,f,c
   605  000286                     l939:
   606  000286  AE0B               	btfss	(___lwmod@divisor+1)^0,7,c
   607  000288  EF48  F001         	goto	u171
   608  00028C  EF4A  F001         	goto	u170
   609  000290                     u171:
   610  000290  EF3F  F001         	goto	l937
   611  000294                     u170:
   612  000294                     l941:
   613  000294  500A               	movf	___lwmod@divisor^0,w,c
   614  000296  5C08               	subwf	___lwmod@dividend^0,w,c
   615  000298  500B               	movf	(___lwmod@divisor+1)^0,w,c
   616  00029A  5809               	subwfb	(___lwmod@dividend+1)^0,w,c
   617  00029C  A0D8               	btfss	status,0,c
   618  00029E  EF53  F001         	goto	u181
   619  0002A2  EF55  F001         	goto	u180
   620  0002A6                     u181:
   621  0002A6  EF59  F001         	goto	l945
   622  0002AA                     u180:
   623  0002AA  500A               	movf	___lwmod@divisor^0,w,c
   624  0002AC  5E08               	subwf	___lwmod@dividend^0,f,c
   625  0002AE  500B               	movf	(___lwmod@divisor+1)^0,w,c
   626  0002B0  5A09               	subwfb	(___lwmod@dividend+1)^0,f,c
   627  0002B2                     l945:
   628  0002B2  90D8               	bcf	status,0,c
   629  0002B4  320B               	rrcf	(___lwmod@divisor+1)^0,f,c
   630  0002B6  320A               	rrcf	___lwmod@divisor^0,f,c
   631  0002B8  2E0C               	decfsz	___lwmod@counter^0,f,c
   632  0002BA  EF4A  F001         	goto	l941
   633  0002BE                     l595:
   634  0002BE  C008  F008         	movff	___lwmod@dividend,?___lwmod
   635  0002C2  C009  F009         	movff	___lwmod@dividend+1,?___lwmod+1
   636  0002C6  0012               	return		;funcret
   637  0002C8                     __end_of___lwmod:
   638                           	callstack 0
   639                           
   640 ;; *************** function ___lwdiv *****************
   641 ;; Defined at:
   642 ;;		line 7 in file "C:\Program Files\Microchip\xc8\v2.36\pic\sources\c99\common\lwdiv.c"
   643 ;; Parameters:    Size  Location     Type
   644 ;;  dividend        2    0[COMRAM] unsigned int 
   645 ;;  divisor         2    2[COMRAM] unsigned int 
   646 ;; Auto vars:     Size  Location     Type
   647 ;;  quotient        2    4[COMRAM] unsigned int 
   648 ;;  counter         1    6[COMRAM] unsigned char 
   649 ;; Return value:  Size  Location     Type
   650 ;;                  2    0[COMRAM] unsigned int 
   651 ;; Registers used:
   652 ;;		wreg, status,2, status,0
   653 ;; Tracked objects:
   654 ;;		On entry : 0/0
   655 ;;		On exit  : 0/0
   656 ;;		Unchanged: 0/0
   657 ;; Data sizes:     COMRAM   BANK0   BANK1   BANK2   BANK3   BANK4   BANK5   BANK6   BANK7
   658 ;;      Params:         4       0       0       0       0       0       0       0       0
   659 ;;      Locals:         3       0       0       0       0       0       0       0       0
   660 ;;      Temps:          0       0       0       0       0       0       0       0       0
   661 ;;      Totals:         7       0       0       0       0       0       0       0       0
   662 ;;Total ram usage:        7 bytes
   663 ;; Hardware stack levels used: 1
   664 ;; Hardware stack levels required when called: 1
   665 ;; This function calls:
   666 ;;		Nothing
   667 ;; This function is called by:
   668 ;;		_Imprimir_display
   669 ;; This function uses a non-reentrant model
   670 ;;
   671                           
   672                           	psect	text3
   673  0001F0                     __ptext3:
   674                           	callstack 0
   675  0001F0                     ___lwdiv:
   676                           	callstack 28
   677  0001F0  0E00               	movlw	0
   678  0001F2  6E06               	movwf	(___lwdiv@quotient+1)^0,c
   679  0001F4  0E00               	movlw	0
   680  0001F6  6E05               	movwf	___lwdiv@quotient^0,c
   681  0001F8  5003               	movf	___lwdiv@divisor^0,w,c
   682  0001FA  1004               	iorwf	(___lwdiv@divisor+1)^0,w,c
   683  0001FC  B4D8               	btfsc	status,2,c
   684  0001FE  EF03  F001         	goto	u131
   685  000202  EF05  F001         	goto	u130
   686  000206                     u131:
   687  000206  EF2D  F001         	goto	l585
   688  00020A                     u130:
   689  00020A  0E01               	movlw	1
   690  00020C  6E07               	movwf	___lwdiv@counter^0,c
   691  00020E  EF0D  F001         	goto	l919
   692  000212                     l917:
   693  000212  90D8               	bcf	status,0,c
   694  000214  3603               	rlcf	___lwdiv@divisor^0,f,c
   695  000216  3604               	rlcf	(___lwdiv@divisor+1)^0,f,c
   696  000218  2A07               	incf	___lwdiv@counter^0,f,c
   697  00021A                     l919:
   698  00021A  AE04               	btfss	(___lwdiv@divisor+1)^0,7,c
   699  00021C  EF12  F001         	goto	u141
   700  000220  EF14  F001         	goto	u140
   701  000224                     u141:
   702  000224  EF09  F001         	goto	l917
   703  000228                     u140:
   704  000228                     l921:
   705  000228  90D8               	bcf	status,0,c
   706  00022A  3605               	rlcf	___lwdiv@quotient^0,f,c
   707  00022C  3606               	rlcf	(___lwdiv@quotient+1)^0,f,c
   708  00022E  5003               	movf	___lwdiv@divisor^0,w,c
   709  000230  5C01               	subwf	___lwdiv@dividend^0,w,c
   710  000232  5004               	movf	(___lwdiv@divisor+1)^0,w,c
   711  000234  5802               	subwfb	(___lwdiv@dividend+1)^0,w,c
   712  000236  A0D8               	btfss	status,0,c
   713  000238  EF20  F001         	goto	u151
   714  00023C  EF22  F001         	goto	u150
   715  000240                     u151:
   716  000240  EF27  F001         	goto	l929
   717  000244                     u150:
   718  000244  5003               	movf	___lwdiv@divisor^0,w,c
   719  000246  5E01               	subwf	___lwdiv@dividend^0,f,c
   720  000248  5004               	movf	(___lwdiv@divisor+1)^0,w,c
   721  00024A  5A02               	subwfb	(___lwdiv@dividend+1)^0,f,c
   722  00024C  8005               	bsf	___lwdiv@quotient^0,0,c
   723  00024E                     l929:
   724  00024E  90D8               	bcf	status,0,c
   725  000250  3204               	rrcf	(___lwdiv@divisor+1)^0,f,c
   726  000252  3203               	rrcf	___lwdiv@divisor^0,f,c
   727  000254  2E07               	decfsz	___lwdiv@counter^0,f,c
   728  000256  EF14  F001         	goto	l921
   729  00025A                     l585:
   730  00025A  C005  F001         	movff	___lwdiv@quotient,?___lwdiv
   731  00025E  C006  F002         	movff	___lwdiv@quotient+1,?___lwdiv+1
   732  000262  0012               	return		;funcret
   733  000264                     __end_of___lwdiv:
   734                           	callstack 0
   735                           
   736 ;; *************** function _Config_TMR0_Temp *****************
   737 ;; Defined at:
   738 ;;		line 170 in file "main.c"
   739 ;; Parameters:    Size  Location     Type
   740 ;;		None
   741 ;; Auto vars:     Size  Location     Type
   742 ;;		None
   743 ;; Return value:  Size  Location     Type
   744 ;;                  1    wreg      void 
   745 ;; Registers used:
   746 ;;		wreg, status,2
   747 ;; Tracked objects:
   748 ;;		On entry : 0/0
   749 ;;		On exit  : 0/0
   750 ;;		Unchanged: 0/0
   751 ;; Data sizes:     COMRAM   BANK0   BANK1   BANK2   BANK3   BANK4   BANK5   BANK6   BANK7
   752 ;;      Params:         0       0       0       0       0       0       0       0       0
   753 ;;      Locals:         0       0       0       0       0       0       0       0       0
   754 ;;      Temps:          0       0       0       0       0       0       0       0       0
   755 ;;      Totals:         0       0       0       0       0       0       0       0       0
   756 ;;Total ram usage:        0 bytes
   757 ;; Hardware stack levels used: 1
   758 ;; Hardware stack levels required when called: 1
   759 ;; This function calls:
   760 ;;		Nothing
   761 ;; This function is called by:
   762 ;;		_main
   763 ;; This function uses a non-reentrant model
   764 ;;
   765                           
   766                           	psect	text4
   767  00032A                     __ptext4:
   768                           	callstack 0
   769  00032A                     _Config_TMR0_Temp:
   770                           	callstack 29
   771  00032A                     
   772                           ;main.c: 172:     T0CONbits.TMR0ON = 0;
   773  00032A  9ED5               	bcf	213,7,c	;volatile
   774                           
   775                           ;main.c: 173:     T0CONbits.T08BIT = 0;
   776  00032C  9CD5               	bcf	213,6,c	;volatile
   777                           
   778                           ;main.c: 174:     T0CONbits.T0CS = 0;
   779  00032E  9AD5               	bcf	213,5,c	;volatile
   780                           
   781                           ;main.c: 182:     T0CONbits.PSA = 0;
   782  000330  96D5               	bcf	213,3,c	;volatile
   783  000332                     
   784                           ;main.c: 183:     T0CONbits.T0PS = 0b110;
   785  000332  50D5               	movf	213,w,c	;volatile
   786  000334  0BF8               	andlw	-8
   787  000336  0906               	iorlw	6
   788  000338  6ED5               	movwf	213,c	;volatile
   789                           
   790                           ;main.c: 184:     TMR0 = 62411;
   791  00033A  0EF3               	movlw	243
   792  00033C  6ED7               	movwf	215,c	;volatile
   793  00033E  0ECB               	movlw	203
   794  000340  6ED6               	movwf	214,c	;volatile
   795  000342                     
   796                           ;main.c: 185:     T0CONbits.TMR0ON = 0;
   797  000342  9ED5               	bcf	213,7,c	;volatile
   798  000344  0012               	return		;funcret
   799  000346                     __end_of_Config_TMR0_Temp:
   800                           	callstack 0
   801                           
   802 ;; *************** function _Config_TMR0_INT0_INT1_Interrupt *****************
   803 ;; Defined at:
   804 ;;		line 150 in file "main.c"
   805 ;; Parameters:    Size  Location     Type
   806 ;;		None
   807 ;; Auto vars:     Size  Location     Type
   808 ;;		None
   809 ;; Return value:  Size  Location     Type
   810 ;;                  1    wreg      void 
   811 ;; Registers used:
   812 ;;		None
   813 ;; Tracked objects:
   814 ;;		On entry : 0/0
   815 ;;		On exit  : 0/0
   816 ;;		Unchanged: 0/0
   817 ;; Data sizes:     COMRAM   BANK0   BANK1   BANK2   BANK3   BANK4   BANK5   BANK6   BANK7
   818 ;;      Params:         0       0       0       0       0       0       0       0       0
   819 ;;      Locals:         0       0       0       0       0       0       0       0       0
   820 ;;      Temps:          0       0       0       0       0       0       0       0       0
   821 ;;      Totals:         0       0       0       0       0       0       0       0       0
   822 ;;Total ram usage:        0 bytes
   823 ;; Hardware stack levels used: 1
   824 ;; Hardware stack levels required when called: 1
   825 ;; This function calls:
   826 ;;		Nothing
   827 ;; This function is called by:
   828 ;;		_main
   829 ;; This function uses a non-reentrant model
   830 ;;
   831                           
   832                           	psect	text5
   833  000346                     __ptext5:
   834                           	callstack 0
   835  000346                     _Config_TMR0_INT0_INT1_Interrupt:
   836                           	callstack 29
   837  000346                     
   838                           ;main.c: 151:     INTCONbits.GIE = 1;
   839  000346  8EF2               	bsf	242,7,c	;volatile
   840                           
   841                           ;main.c: 152:     INTCONbits.PEIE = 1;
   842  000348  8CF2               	bsf	242,6,c	;volatile
   843                           
   844                           ;main.c: 155:     INTCONbits.TMR0IF = 0;
   845  00034A  94F2               	bcf	242,2,c	;volatile
   846                           
   847                           ;main.c: 156:     INTCONbits.TMR0IE = 1;
   848  00034C  8AF2               	bsf	242,5,c	;volatile
   849                           
   850                           ;main.c: 159:     INTCONbits.INT0F = 0;
   851  00034E  92F2               	bcf	242,1,c	;volatile
   852                           
   853                           ;main.c: 160:     INTCONbits.INT0E = 1;
   854  000350  88F2               	bsf	242,4,c	;volatile
   855                           
   856                           ;main.c: 161:     INTCON2bits.INTEDG0 = 0;
   857  000352  9CF1               	bcf	241,6,c	;volatile
   858                           
   859                           ;main.c: 164:     INTCON3bits.INT1F = 0;
   860  000354  90F0               	bcf	240,0,c	;volatile
   861                           
   862                           ;main.c: 165:     INTCON3bits.INT1E = 1;
   863  000356  86F0               	bsf	240,3,c	;volatile
   864                           
   865                           ;main.c: 166:     INTCON2bits.INTEDG1 = 0;
   866  000358  9AF1               	bcf	241,5,c	;volatile
   867  00035A  0012               	return		;funcret
   868  00035C                     __end_of_Config_TMR0_INT0_INT1_Interrupt:
   869                           	callstack 0
   870                           
   871 ;; *************** function _Config_Port *****************
   872 ;; Defined at:
   873 ;;		line 88 in file "main.c"
   874 ;; Parameters:    Size  Location     Type
   875 ;;		None
   876 ;; Auto vars:     Size  Location     Type
   877 ;;		None
   878 ;; Return value:  Size  Location     Type
   879 ;;                  1    wreg      void 
   880 ;; Registers used:
   881 ;;		wreg, status,2
   882 ;; Tracked objects:
   883 ;;		On entry : 0/0
   884 ;;		On exit  : 0/0
   885 ;;		Unchanged: 0/0
   886 ;; Data sizes:     COMRAM   BANK0   BANK1   BANK2   BANK3   BANK4   BANK5   BANK6   BANK7
   887 ;;      Params:         0       0       0       0       0       0       0       0       0
   888 ;;      Locals:         0       0       0       0       0       0       0       0       0
   889 ;;      Temps:          0       0       0       0       0       0       0       0       0
   890 ;;      Totals:         0       0       0       0       0       0       0       0       0
   891 ;;Total ram usage:        0 bytes
   892 ;; Hardware stack levels used: 1
   893 ;; Hardware stack levels required when called: 1
   894 ;; This function calls:
   895 ;;		Nothing
   896 ;; This function is called by:
   897 ;;		_main
   898 ;; This function uses a non-reentrant model
   899 ;;
   900                           
   901                           	psect	text6
   902  0002FE                     __ptext6:
   903                           	callstack 0
   904  0002FE                     _Config_Port:
   905                           	callstack 29
   906  0002FE                     
   907                           ;main.c: 90:     LATD= 0b00000000;
   908  0002FE  0E00               	movlw	0
   909  000300  6E8C               	movwf	140,c	;volatile
   910                           
   911                           ;main.c: 91:     LATA= 0b00000000;
   912  000302  0E00               	movlw	0
   913  000304  6E89               	movwf	137,c	;volatile
   914                           
   915                           ;main.c: 93:     SLRCON=0b00000000;
   916  000306  0E00               	movlw	0
   917  000308  6E7A               	movwf	122,c	;volatile
   918                           
   919                           ;main.c: 96:     ANSELD=0b00000000;
   920  00030A  0E00               	movlw	0
   921  00030C  010F               	movlb	15	; () banked
   922  00030E  6F5E               	movwf	94,b	;volatile
   923  000310                     
   924                           ; BSR set to: 15
   925                           ;main.c: 98:     ANSELAbits.ANSA0=0;
   926  000310  915B               	bcf	91,0,b	;volatile
   927  000312                     
   928                           ; BSR set to: 15
   929                           ;main.c: 99:     ANSELAbits.ANSA1=0;
   930  000312  935B               	bcf	91,1,b	;volatile
   931  000314                     
   932                           ; BSR set to: 15
   933                           ;main.c: 100:     ANSELAbits.ANSA2=0;
   934  000314  955B               	bcf	91,2,b	;volatile
   935  000316                     
   936                           ; BSR set to: 15
   937                           ;main.c: 101:     ANSELAbits.ANSA3=0;
   938  000316  975B               	bcf	91,3,b	;volatile
   939  000318                     
   940                           ; BSR set to: 15
   941                           ;main.c: 103:     ANSELBbits.ANSB0=0;
   942  000318  915C               	bcf	92,0,b	;volatile
   943  00031A                     
   944                           ; BSR set to: 15
   945                           ;main.c: 104:     ANSELBbits.ANSB1=0;
   946  00031A  935C               	bcf	92,1,b	;volatile
   947                           
   948                           ;main.c: 106:     TRISD=0b00000000;
   949  00031C  0E00               	movlw	0
   950  00031E  6E95               	movwf	149,c	;volatile
   951  000320                     
   952                           ; BSR set to: 15
   953                           ;main.c: 109:     TRISAbits.TRISA0=0;
   954  000320  9092               	bcf	146,0,c	;volatile
   955  000322                     
   956                           ; BSR set to: 15
   957                           ;main.c: 110:     TRISAbits.TRISA1=0;
   958  000322  9292               	bcf	146,1,c	;volatile
   959  000324                     
   960                           ; BSR set to: 15
   961                           ;main.c: 111:     TRISAbits.TRISA2=0;
   962  000324  9492               	bcf	146,2,c	;volatile
   963  000326                     
   964                           ; BSR set to: 15
   965                           ;main.c: 112:     TRISAbits.TRISA3=0;
   966  000326  9692               	bcf	146,3,c	;volatile
   967  000328                     
   968                           ; BSR set to: 15
   969  000328  0012               	return		;funcret
   970  00032A                     __end_of_Config_Port:
   971                           	callstack 0
   972                           
   973 ;; *************** function _Config_Clock *****************
   974 ;; Defined at:
   975 ;;		line 83 in file "main.c"
   976 ;; Parameters:    Size  Location     Type
   977 ;;		None
   978 ;; Auto vars:     Size  Location     Type
   979 ;;		None
   980 ;; Return value:  Size  Location     Type
   981 ;;                  1    wreg      void 
   982 ;; Registers used:
   983 ;;		wreg, status,2
   984 ;; Tracked objects:
   985 ;;		On entry : 0/0
   986 ;;		On exit  : 0/0
   987 ;;		Unchanged: 0/0
   988 ;; Data sizes:     COMRAM   BANK0   BANK1   BANK2   BANK3   BANK4   BANK5   BANK6   BANK7
   989 ;;      Params:         0       0       0       0       0       0       0       0       0
   990 ;;      Locals:         0       0       0       0       0       0       0       0       0
   991 ;;      Temps:          0       0       0       0       0       0       0       0       0
   992 ;;      Totals:         0       0       0       0       0       0       0       0       0
   993 ;;Total ram usage:        0 bytes
   994 ;; Hardware stack levels used: 1
   995 ;; Hardware stack levels required when called: 1
   996 ;; This function calls:
   997 ;;		Nothing
   998 ;; This function is called by:
   999 ;;		_main
  1000 ;; This function uses a non-reentrant model
  1001 ;;
  1002                           
  1003                           	psect	text7
  1004  00035C                     __ptext7:
  1005                           	callstack 0
  1006  00035C                     _Config_Clock:
  1007                           	callstack 29
  1008  00035C                     
  1009                           ;main.c: 84:     OSCCONbits.IRCF=0b111;
  1010  00035C  0E70               	movlw	112
  1011  00035E  12D3               	iorwf	211,f,c	;volatile
  1012                           
  1013                           ;main.c: 85:     OSCCONbits.SCS=0b10;
  1014  000360  50D3               	movf	211,w,c	;volatile
  1015  000362  0BFC               	andlw	-4
  1016  000364  0902               	iorlw	2
  1017  000366  6ED3               	movwf	211,c	;volatile
  1018  000368  0012               	return		;funcret
  1019  00036A                     __end_of_Config_Clock:
  1020                           	callstack 0
  1021                           
  1022 ;; *************** function _ISR_TMR0 *****************
  1023 ;; Defined at:
  1024 ;;		line 64 in file "main.c"
  1025 ;; Parameters:    Size  Location     Type
  1026 ;;		None
  1027 ;; Auto vars:     Size  Location     Type
  1028 ;;		None
  1029 ;; Return value:  Size  Location     Type
  1030 ;;                  1    wreg      void 
  1031 ;; Registers used:
  1032 ;;		wreg, status,2, status,0
  1033 ;; Tracked objects:
  1034 ;;		On entry : 0/0
  1035 ;;		On exit  : 0/0
  1036 ;;		Unchanged: 0/0
  1037 ;; Data sizes:     COMRAM   BANK0   BANK1   BANK2   BANK3   BANK4   BANK5   BANK6   BANK7
  1038 ;;      Params:         0       0       0       0       0       0       0       0       0
  1039 ;;      Locals:         0       0       0       0       0       0       0       0       0
  1040 ;;      Temps:          0       0       0       0       0       0       0       0       0
  1041 ;;      Totals:         0       0       0       0       0       0       0       0       0
  1042 ;;Total ram usage:        0 bytes
  1043 ;; Hardware stack levels used: 1
  1044 ;; This function calls:
  1045 ;;		Nothing
  1046 ;; This function is called by:
  1047 ;;		Interrupt level 2
  1048 ;; This function uses a non-reentrant model
  1049 ;;
  1050                           
  1051                           	psect	intcode
  1052  000008                     __pintcode:
  1053                           	callstack 0
  1054  000008                     _ISR_TMR0:
  1055                           	callstack 28
  1056                           
  1057                           ;incstack = 0
  1058  000008  8223               	bsf	int$flags,1,c	;set compiler interrupt flag (level 2)
  1059  00000A                     
  1060                           ;main.c: 65:     if(INTCONbits.TMR0IF){
  1061  00000A  A4F2               	btfss	242,2,c	;volatile
  1062  00000C  EF0A  F000         	goto	i2u10_41
  1063  000010  EF0C  F000         	goto	i2u10_40
  1064  000014                     i2u10_41:
  1065  000014  EF13  F000         	goto	i2l899
  1066  000018                     i2u10_40:
  1067  000018                     
  1068                           ;main.c: 66:         TMR0 = 62411;
  1069  000018  0EF3               	movlw	243
  1070  00001A  6ED7               	movwf	215,c	;volatile
  1071  00001C  0ECB               	movlw	203
  1072  00001E  6ED6               	movwf	214,c	;volatile
  1073  000020                     
  1074                           ;main.c: 67:         cuenta++;
  1075  000020  4A1B               	infsnz	_cuenta^0,f,c
  1076  000022  2A1C               	incf	(_cuenta+1)^0,f,c
  1077  000024                     
  1078                           ;main.c: 68:     INTCONbits.TMR0IF=0;
  1079  000024  94F2               	bcf	242,2,c	;volatile
  1080  000026                     i2l899:
  1081                           
  1082                           ;main.c: 71:     if(INTCONbits.INT0F){
  1083  000026  A2F2               	btfss	242,1,c	;volatile
  1084  000028  EF18  F000         	goto	i2u11_41
  1085  00002C  EF1A  F000         	goto	i2u11_40
  1086  000030                     i2u11_41:
  1087  000030  EF1D  F000         	goto	i2l905
  1088  000034                     i2u11_40:
  1089  000034                     
  1090                           ;main.c: 72:         estado1=1;
  1091  000034  0E01               	movlw	1
  1092  000036  6E1E               	movwf	_estado1^0,c
  1093  000038                     
  1094                           ;main.c: 73:         INTCONbits.INT0F=0;
  1095  000038  92F2               	bcf	242,1,c	;volatile
  1096  00003A                     i2l905:
  1097                           
  1098                           ;main.c: 76:     if(INTCON3bits.INT1F){
  1099  00003A  A0F0               	btfss	240,0,c	;volatile
  1100  00003C  EF22  F000         	goto	i2u12_41
  1101  000040  EF24  F000         	goto	i2u12_40
  1102  000044                     i2u12_41:
  1103  000044  EF27  F000         	goto	i2l76
  1104  000048                     i2u12_40:
  1105  000048                     
  1106                           ;main.c: 77:         estado2=1;
  1107  000048  0E01               	movlw	1
  1108  00004A  6E1D               	movwf	_estado2^0,c
  1109  00004C                     
  1110                           ;main.c: 78:         INTCON3bits.INT1F=0;
  1111  00004C  90F0               	bcf	240,0,c	;volatile
  1112  00004E                     i2l76:
  1113  00004E  9223               	bcf	int$flags,1,c	;clear compiler interrupt flag (level 2)
  1114  000050  0011               	retfie		f
  1115  000052                     __end_of_ISR_TMR0:
  1116                           	callstack 0
  1117  0000                     
  1118                           	psect	rparam
  1119  0000                     
  1120                           	psect	temp
  1121  000023                     btemp:
  1122                           	callstack 0
  1123  000023                     	ds	1
  1124  0000                     int$flags	set	btemp
  1125  0000                     wtemp8	set	btemp+1
  1126  0000                     ttemp5	set	btemp+1
  1127  0000                     ttemp6	set	btemp+4
  1128  0000                     ttemp7	set	btemp+8
  1129                           
  1130                           	psect	idloc
  1131                           
  1132                           ;Config register IDLOC0 @ 0x200000
  1133                           ;	unspecified, using default values
  1134  200000                     	org	2097152
  1135  200000  FF                 	db	255
  1136                           
  1137                           ;Config register IDLOC1 @ 0x200001
  1138                           ;	unspecified, using default values
  1139  200001                     	org	2097153
  1140  200001  FF                 	db	255
  1141                           
  1142                           ;Config register IDLOC2 @ 0x200002
  1143                           ;	unspecified, using default values
  1144  200002                     	org	2097154
  1145  200002  FF                 	db	255
  1146                           
  1147                           ;Config register IDLOC3 @ 0x200003
  1148                           ;	unspecified, using default values
  1149  200003                     	org	2097155
  1150  200003  FF                 	db	255
  1151                           
  1152                           ;Config register IDLOC4 @ 0x200004
  1153                           ;	unspecified, using default values
  1154  200004                     	org	2097156
  1155  200004  FF                 	db	255
  1156                           
  1157                           ;Config register IDLOC5 @ 0x200005
  1158                           ;	unspecified, using default values
  1159  200005                     	org	2097157
  1160  200005  FF                 	db	255
  1161                           
  1162                           ;Config register IDLOC6 @ 0x200006
  1163                           ;	unspecified, using default values
  1164  200006                     	org	2097158
  1165  200006  FF                 	db	255
  1166                           
  1167                           ;Config register IDLOC7 @ 0x200007
  1168                           ;	unspecified, using default values
  1169  200007                     	org	2097159
  1170  200007  FF                 	db	255
  1171                           
  1172                           	psect	config
  1173                           
  1174                           ;Config register CONFIG1L @ 0x300000
  1175                           ;	PLL Selection
  1176                           ;	PLLSEL = PLL4X, 4x clock multiplier
  1177                           ;	PLL Enable Configuration bit
  1178                           ;	CFGPLLEN = OFF, PLL Disabled (firmware controlled)
  1179                           ;	CPU System Clock Postscaler
  1180                           ;	CPUDIV = NOCLKDIV, CPU uses system clock (no divide)
  1181                           ;	Low Speed USB mode with 48 MHz system clock
  1182                           ;	LS48MHZ = SYS24X4, System clock at 24 MHz, USB clock divider is set to 4
  1183  300000                     	org	3145728
  1184  300000  00                 	db	0
  1185                           
  1186                           ;Config register CONFIG1H @ 0x300001
  1187                           ;	Oscillator Selection
  1188                           ;	FOSC = INTOSCIO, Internal oscillator
  1189                           ;	Primary Oscillator Shutdown
  1190                           ;	PCLKEN = ON, Primary oscillator enabled
  1191                           ;	Fail-Safe Clock Monitor
  1192                           ;	FCMEN = OFF, Fail-Safe Clock Monitor disabled
  1193                           ;	Internal/External Oscillator Switchover
  1194                           ;	IESO = OFF, Oscillator Switchover mode disabled
  1195  300001                     	org	3145729
  1196  300001  28                 	db	40
  1197                           
  1198                           ;Config register CONFIG2L @ 0x300002
  1199                           ;	Power-up Timer Enable
  1200                           ;	nPWRTEN = ON, Power up timer enabled
  1201                           ;	Brown-out Reset Enable
  1202                           ;	BOREN = SBORDIS, BOR enabled in hardware (SBOREN is ignored)
  1203                           ;	Brown-out Reset Voltage
  1204                           ;	BORV = 190, BOR set to 1.9V nominal
  1205                           ;	Low-Power Brown-out Reset
  1206                           ;	nLPBOR = OFF, Low-Power Brown-out Reset disabled
  1207  300002                     	org	3145730
  1208  300002  5E                 	db	94
  1209                           
  1210                           ;Config register CONFIG2H @ 0x300003
  1211                           ;	Watchdog Timer Enable bits
  1212                           ;	WDTEN = OFF, WDT disabled in hardware (SWDTEN ignored)
  1213                           ;	Watchdog Timer Postscaler
  1214                           ;	WDTPS = 32768, 1:32768
  1215  300003                     	org	3145731
  1216  300003  3C                 	db	60
  1217                           
  1218                           ; Padding undefined space
  1219  300004                     	org	3145732
  1220  300004  FF                 	db	255
  1221                           
  1222                           ;Config register CONFIG3H @ 0x300005
  1223                           ;	CCP2 MUX bit
  1224                           ;	CCP2MX = RC1, CCP2 input/output is multiplexed with RC1
  1225                           ;	PORTB A/D Enable bit
  1226                           ;	PBADEN = ON, PORTB<5:0> pins are configured as analog input channels on Reset
  1227                           ;	Timer3 Clock Input MUX bit
  1228                           ;	T3CMX = RC0, T3CKI function is on RC0
  1229                           ;	SDO Output MUX bit
  1230                           ;	SDOMX = RB3, SDO function is on RB3
  1231                           ;	Master Clear Reset Pin Enable
  1232                           ;	MCLRE = OFF, RE3 input pin enabled; external MCLR disabled
  1233  300005                     	org	3145733
  1234  300005  53                 	db	83
  1235                           
  1236                           ;Config register CONFIG4L @ 0x300006
  1237                           ;	Stack Full/Underflow Reset
  1238                           ;	STVREN = ON, Stack full/underflow will cause Reset
  1239                           ;	Single-Supply ICSP Enable bit
  1240                           ;	LVP = OFF, Single-Supply ICSP disabled
  1241                           ;	Dedicated In-Circuit Debug/Programming Port Enable
  1242                           ;	ICPRT = OFF, ICPORT disabled
  1243                           ;	Extended Instruction Set Enable bit
  1244                           ;	XINST = OFF, Instruction set extension and Indexed Addressing mode disabled
  1245                           ;	Background Debugger Enable bit
  1246                           ;	DEBUG = 0x1, unprogrammed default
  1247  300006                     	org	3145734
  1248  300006  81                 	db	129
  1249                           
  1250                           ; Padding undefined space
  1251  300007                     	org	3145735
  1252  300007  FF                 	db	255
  1253                           
  1254                           ;Config register CONFIG5L @ 0x300008
  1255                           ;	Block 0 Code Protect
  1256                           ;	CP0 = OFF, Block 0 is not code-protected
  1257                           ;	Block 1 Code Protect
  1258                           ;	CP1 = OFF, Block 1 is not code-protected
  1259                           ;	Block 2 Code Protect
  1260                           ;	CP2 = OFF, Block 2 is not code-protected
  1261                           ;	Block 3 Code Protect
  1262                           ;	CP3 = OFF, Block 3 is not code-protected
  1263  300008                     	org	3145736
  1264  300008  0F                 	db	15
  1265                           
  1266                           ;Config register CONFIG5H @ 0x300009
  1267                           ;	Boot Block Code Protect
  1268                           ;	CPB = OFF, Boot block is not code-protected
  1269                           ;	Data EEPROM Code Protect
  1270                           ;	CPD = OFF, Data EEPROM is not code-protected
  1271  300009                     	org	3145737
  1272  300009  C0                 	db	192
  1273                           
  1274                           ;Config register CONFIG6L @ 0x30000A
  1275                           ;	Block 0 Write Protect
  1276                           ;	WRT0 = OFF, Block 0 (0800-1FFFh) is not write-protected
  1277                           ;	Block 1 Write Protect
  1278                           ;	WRT1 = OFF, Block 1 (2000-3FFFh) is not write-protected
  1279                           ;	Block 2 Write Protect
  1280                           ;	WRT2 = OFF, Block 2 (04000-5FFFh) is not write-protected
  1281                           ;	Block 3 Write Protect
  1282                           ;	WRT3 = OFF, Block 3 (06000-7FFFh) is not write-protected
  1283  30000A                     	org	3145738
  1284  30000A  0F                 	db	15
  1285                           
  1286                           ;Config register CONFIG6H @ 0x30000B
  1287                           ;	Configuration Registers Write Protect
  1288                           ;	WRTC = OFF, Configuration registers (300000-3000FFh) are not write-protected
  1289                           ;	Boot Block Write Protect
  1290                           ;	WRTB = OFF, Boot block (0000-7FFh) is not write-protected
  1291                           ;	Data EEPROM Write Protect
  1292                           ;	WRTD = OFF, Data EEPROM is not write-protected
  1293  30000B                     	org	3145739
  1294  30000B  E0                 	db	224
  1295                           
  1296                           ;Config register CONFIG7L @ 0x30000C
  1297                           ;	Block 0 Table Read Protect
  1298                           ;	EBTR0 = OFF, Block 0 is not protected from table reads executed in other blocks
  1299                           ;	Block 1 Table Read Protect
  1300                           ;	EBTR1 = OFF, Block 1 is not protected from table reads executed in other blocks
  1301                           ;	Block 2 Table Read Protect
  1302                           ;	EBTR2 = OFF, Block 2 is not protected from table reads executed in other blocks
  1303                           ;	Block 3 Table Read Protect
  1304                           ;	EBTR3 = OFF, Block 3 is not protected from table reads executed in other blocks
  1305  30000C                     	org	3145740
  1306  30000C  0F                 	db	15
  1307                           
  1308                           ;Config register CONFIG7H @ 0x30000D
  1309                           ;	Boot Block Table Read Protect
  1310                           ;	EBTRB = OFF, Boot block is not protected from table reads executed in other blocks
  1311  30000D                     	org	3145741
  1312  30000D  40                 	db	64
  1313                           tosu	equ	0xFFF
  1314                           tosh	equ	0xFFE
  1315                           tosl	equ	0xFFD
  1316                           stkptr	equ	0xFFC
  1317                           pclatu	equ	0xFFB
  1318                           pclath	equ	0xFFA
  1319                           pcl	equ	0xFF9
  1320                           tblptru	equ	0xFF8
  1321                           tblptrh	equ	0xFF7
  1322                           tblptrl	equ	0xFF6
  1323                           tablat	equ	0xFF5
  1324                           prodh	equ	0xFF4
  1325                           prodl	equ	0xFF3
  1326                           indf0	equ	0xFEF
  1327                           postinc0	equ	0xFEE
  1328                           postdec0	equ	0xFED
  1329                           preinc0	equ	0xFEC
  1330                           plusw0	equ	0xFEB
  1331                           fsr0h	equ	0xFEA
  1332                           fsr0l	equ	0xFE9
  1333                           wreg	equ	0xFE8
  1334                           indf1	equ	0xFE7
  1335                           postinc1	equ	0xFE6
  1336                           postdec1	equ	0xFE5
  1337                           preinc1	equ	0xFE4
  1338                           plusw1	equ	0xFE3
  1339                           fsr1h	equ	0xFE2
  1340                           fsr1l	equ	0xFE1
  1341                           bsr	equ	0xFE0
  1342                           indf2	equ	0xFDF
  1343                           postinc2	equ	0xFDE
  1344                           postdec2	equ	0xFDD
  1345                           preinc2	equ	0xFDC
  1346                           plusw2	equ	0xFDB
  1347                           fsr2h	equ	0xFDA
  1348                           fsr2l	equ	0xFD9
  1349                           status	equ	0xFD8

Data Sizes:
    Strings     0
    Constant    0
    Data        10
    BSS         8
    Persistent  0
    Stack       0

Auto Spaces:
    Space          Size  Autos    Used
    COMRAM           94     16      34
    BANK0           160      0       0
    BANK1           256      0       0
    BANK2           256      0       0
    BANK3           256      0       0
    BANK4           256      0       0
    BANK5           256      0       0
    BANK6           256      0       0
    BANK7           256      0       0

Pointer List with Targets:

    None.

Critical Paths under _main in COMRAM

    _main->_Imprimir_display
    _Imprimir_display->___lwmod
    ___lwmod->___lwdiv

Critical Paths under _ISR_TMR0 in COMRAM

    None.

Critical Paths under _main in BANK0

    None.

Critical Paths under _ISR_TMR0 in BANK0

    None.

Critical Paths under _main in BANK1

    None.

Critical Paths under _ISR_TMR0 in BANK1

    None.

Critical Paths under _main in BANK2

    None.

Critical Paths under _ISR_TMR0 in BANK2

    None.

Critical Paths under _main in BANK3

    None.

Critical Paths under _ISR_TMR0 in BANK3

    None.

Critical Paths under _main in BANK4

    None.

Critical Paths under _ISR_TMR0 in BANK4

    None.

Critical Paths under _main in BANK5

    None.

Critical Paths under _ISR_TMR0 in BANK5

    None.

Critical Paths under _main in BANK6

    None.

Critical Paths under _ISR_TMR0 in BANK6

    None.

Critical Paths under _main in BANK7

    None.

Critical Paths under _ISR_TMR0 in BANK7

    None.

Call Graph Tables:

 ---------------------------------------------------------------------------------
 (Depth) Function   	        Calls       Base Space   Used Autos Params    Refs
 ---------------------------------------------------------------------------------
 (0) _main                                                 1     1      0    1397
                                             15 COMRAM     1     1      0
                       _Config_Clock
                        _Config_Port
    _Config_TMR0_INT0_INT1_Interrupt
                   _Config_TMR0_Temp
                   _Imprimir_display
 ---------------------------------------------------------------------------------
 (1) _Imprimir_display                                     3     1      2    1397
                                             12 COMRAM     3     1      2
                            ___lwdiv
                            ___lwmod
 ---------------------------------------------------------------------------------
 (2) ___lwmod                                              5     1      4     615
                                              7 COMRAM     5     1      4
                            ___lwdiv (ARG)
 ---------------------------------------------------------------------------------
 (2) ___lwdiv                                              7     3      4     618
                                              0 COMRAM     7     3      4
 ---------------------------------------------------------------------------------
 (1) _Config_TMR0_Temp                                     0     0      0       0
 ---------------------------------------------------------------------------------
 (1) _Config_TMR0_INT0_INT1_Interrupt                      0     0      0       0
 ---------------------------------------------------------------------------------
 (1) _Config_Port                                          0     0      0       0
 ---------------------------------------------------------------------------------
 (1) _Config_Clock                                         0     0      0       0
 ---------------------------------------------------------------------------------
 Estimated maximum stack depth 2
 ---------------------------------------------------------------------------------
 (Depth) Function   	        Calls       Base Space   Used Autos Params    Refs
 ---------------------------------------------------------------------------------
 (3) _ISR_TMR0                                             0     0      0       0
 ---------------------------------------------------------------------------------
 Estimated maximum stack depth 3
 ---------------------------------------------------------------------------------

 Call Graph Graphs:

 _main (ROOT)
   _Config_Clock
   _Config_Port
   _Config_TMR0_INT0_INT1_Interrupt
   _Config_TMR0_Temp
   _Imprimir_display
     ___lwdiv
     ___lwmod
       ___lwdiv (ARG)

 _ISR_TMR0 (ROOT)

 Address spaces:
Name               Size   Autos  Total    Cost      Usage
BIGRAM             7FF      0       0      32        0.0%
EEDATA             100      0       0       0        0.0%
BITBANK7           100      0       0      18        0.0%
BANK7              100      0       0      19        0.0%
BITBANK6           100      0       0      16        0.0%
BANK6              100      0       0      17        0.0%
BITBANK5           100      0       0      14        0.0%
BANK5              100      0       0      15        0.0%
BITBANK4           100      0       0      12        0.0%
BANK4              100      0       0      13        0.0%
BITBANK3           100      0       0      10        0.0%
BANK3              100      0       0      11        0.0%
BITBANK2           100      0       0       8        0.0%
BANK2              100      0       0       9        0.0%
BITBANK1           100      0       0       6        0.0%
BANK1              100      0       0       7        0.0%
BITBANK0            A0      0       0       4        0.0%
BANK0               A0      0       0       5        0.0%
BITCOMRAM           5E      0       0       0        0.0%
COMRAM              5E     10      22       1       36.2%
BITBIGSFRllhh       3D      0       0      23        0.0%
BITBIGSFRlllllh     1B      0       0      28        0.0%
BITBIGSFRhll        18      0       0      21        0.0%
BITBIGSFRllllh       E      0       0      27        0.0%
BITBIGSFRhh          D      0       0      20        0.0%
BITBIGSFRllllll      8      0       0      30        0.0%
BITBIGSFRllhll       5      0       0      25        0.0%
BITBIGSFRllhlh       2      0       0      24        0.0%
BITBIGSFRlllh        2      0       0      26        0.0%
BITBIGSFRllllll      1      0       0      29        0.0%
BITBIGSFRlh          1      0       0      22        0.0%
BIGSFR               0      0       0     200        0.0%
BITSFR_1             0      0       0     200        0.0%
SFR_1                0      0       0     200        0.0%
BITSFR               0      0       0     200        0.0%
SFR                  0      0       0     200        0.0%
STACK                0      0       0       2        0.0%
NULL                 0      0       0       0        0.0%
ABS                  0      0      22      31        0.0%
DATA                 0      0      22       3        0.0%
CODE                 0      0       0       0        0.0%


Microchip Technology PIC18 Macro Assembler V2.36 build 20220127204148 
Symbol Table                                                                                   Sun Jul 10 20:11:54 2022

                                     l82 0328                                       l91 0344  
                                     l85 016E                                       l79 0368  
                                     l88 035A                                      l602 02C6  
                                    l811 0312                                      l805 035C  
                                    l821 0320                                      l813 0314  
                                    l823 0322                                      l815 0316  
                                    l807 02FE                                      l831 032A  
                                    l911 01F0                                      l592 0262  
                                    l825 0324                                      l817 0318  
                                    l809 0310                                      l833 0332  
                                    l921 0228                                      l585 025A  
                                    l913 01F8                                      l827 0326  
                                    l819 031A                                      l835 0342  
                                    l931 0254                                      l923 022E  
                                    l915 020A                                      l595 02BE  
                                    l829 0346                                      l925 0244  
                                    l917 0212                                      l941 0294  
                                    l933 0264                                      l927 024C  
                                    l919 021A                                      l943 02AA  
                                    l935 0276                                      l951 00DE  
                                    l929 024E                                      l945 02B2  
                                    l937 027E                                      l961 0112  
                                    l953 00EE                                      l947 02B8  
                                    l939 0286                                      l971 0138  
                                    l963 0114                                      l955 00F0  
                                    l981 016C                                      l973 0148  
                                    l965 0124                                      l957 0100  
                                    l949 0056                                      l975 014A  
                                    l967 0126                                      l959 0102  
                                    l991 0190                                      l983 0170  
                                    l977 015A                                      l969 0136  
                                    l993 01B4                                      l985 0178  
                                    l979 015C                                      l995 01BC  
                                    l987 017C                                      l997 01C0  
                                    l989 0180                                      l999 01D0  
                                    u200 01A0                                      u201 019A  
                                    u130 020A                                      u210 01D0  
                                    u131 0206                                      u211 01CC  
                                    u140 0228                                      u141 0224  
                                    u150 0244                                      u206 01A2  
                                    u151 0240                                      u160 0276  
                                    u161 0272                                      u170 0294  
                                    u171 0290                                      u227 00F6  
                                    u180 02AA                                      u181 02A6  
                                    u237 011A                                      u190 0190  
                                    u247 013E                                      u191 018C  
                                    u257 0162                                      wreg 000FE8  
                                   l1001 01DC                                     _LATA 000F89  
                                   _LATD 000F8C                                     i2l76 004E  
                                   _TMR0 000FD6                                     _main 0170  
                                   indf2 000FDF                                     fsr1l 000FE1  
                                   fsr2l 000FD9                                     btemp 0023  
                                   start 0052                         _Imprimir_display 0056  
                           ___param_bank 000000                      __end_of_Config_Port 032A  
                                  ?_main 0001                          __end_of___lwdiv 0264  
                        __end_of___lwmod 02C8                                    i2l901 0034  
                                  i2l903 0038                                    i2l905 003A  
                                  i2l907 0048                                    i2l909 004C  
                                  i2l891 000A                                    i2l893 0018  
                                  i2l895 0020                                    i2l897 0024  
                                  i2l899 0026                                    _TRISD 000F95  
                       __end_of_ISR_TMR0 0052                 __end_of_Config_TMR0_Temp 0346  
                                  _miles 001F                                    tablat 000FF5  
                                  ttemp5 0024                                    ttemp6 0027  
                                  ttemp7 002B                                    status 000FD8  
                                  wtemp8 0024                          __initialization 02C8  
                   __end_of_Config_Clock 036A                             __end_of_main 01F0  
__end_of_Config_TMR0_INT0_INT1_Interrupt 035C        ??_Config_TMR0_INT0_INT1_Interrupt 0001  
       ?_Config_TMR0_INT0_INT1_Interrupt 0001          _Config_TMR0_INT0_INT1_Interrupt 0346  
                                 ??_main 0010                            __activetblptr 000000  
                                 _ANSELD 000F5E                                   _SLRCON 000F7A  
                            _Config_Port 02FE                                ??___lwdiv 0005  
                              ??___lwmod 000C                                   _cuenta 001B  
                                 clear_0 02EE                                   isa$std 000001  
                           __pdataCOMRAM 0011                                   tblptrh 000FF7  
                                 tblptrl 000FF6                                   tblptru 000FF8  
                             __accesstop 0060                  __end_of__initialization 02F4  
                          ___rparam_used 000001                                ?_ISR_TMR0 0001  
                         __pcstackCOMRAM 0001                 __end_of_Imprimir_display 0170  
                             ??_ISR_TMR0 0001                        ?_Config_TMR0_Temp 0001  
                                i2u10_40 0018                                  i2u10_41 0014  
                                i2u11_40 0034                                  i2u11_41 0030  
                                i2u12_40 0048                                  i2u12_41 0044  
                           _Config_Clock 035C                       ??_Config_TMR0_Temp 0001  
                                __Hparam 0000                                  __Lparam 0000  
                                ___lwdiv 01F0                                  ___lwmod 0264  
                                _decenas 0021                                  __pcinit 02C8  
                                __ramtop 0800                                  __ptext0 0170  
                                __ptext1 0056                                  __ptext2 0264  
                                __ptext3 01F0                                  __ptext4 032A  
                                __ptext5 0346                                  __ptext6 02FE  
                                __ptext7 035C                                _T0CONbits 000FD5  
                                _estado1 001E                                  _estado2 001D  
                   end_of_initialization 02F4                             ?_Config_Port 0001  
                                postdec1 000FE5                                  postinc0 000FEE  
                              _TRISAbits 000F92                            __pidataCOMRAM 036A  
                    start_initialization 02C8                        ?_Imprimir_display 000D  
                   Imprimir_display@dato 000D                       ??_Imprimir_display 000F  
                            __pbssCOMRAM 001B                         ___lwdiv@dividend 0001  
                              __pintcode 0008                                 ?___lwdiv 0001  
                               ?___lwmod 0008                         ___lwdiv@quotient 0005  
                               _LATAbits 000F89                                 _ISR_TMR0 0008  
                            _INTCON2bits 000FF1                              _INTCON3bits 000FF0  
                              copy_data0 02DC                                 __Hrparam 0000  
                               __Lrparam 0000                               _ANSELAbits 000F5B  
                             _ANSELBbits 000F5C                          ___lwdiv@divisor 0003  
                               _centenas 0020                          ___lwdiv@counter 0007  
                       _Config_TMR0_Temp 032A                                 isa$xinst 000000  
                               int$flags 0023                                 _unidades 0022  
                             _INTCONbits 000FF2                            ?_Config_Clock 0001  
                               intlevel2 0000                         ___lwmod@dividend 0008  
                             _OSCCONbits 000FD3                          ___lwmod@divisor 000A  
                        ___lwmod@counter 000C                           ??_Config_Clock 0001  
                          _display_anodo 0011                            ??_Config_Port 0001  
